[www.w3schools.com/bootstrap/default.html]
[backblue.gif]
[fade.gif]
[index.html]
[maxcdn.bootstrapcdn.com/bootstrap/3.3.7/css/bootstrap.min.css]
[ajax.googleapis.com/ajax/libs/jquery/3.2.0/jquery.min.js]
[maxcdn.bootstrapcdn.com/bootstrap/3.3.7/js/bootstrap.min.js]
[www.w3schools.com/lib/w3schools30.css]
[www.w3schools.com/lib/uic3447.js]
[cdn.snigelweb.com/adengine/w3schools.com/loader.js]
[www.w3schools.com/lib/my-learning008c.js]
[www.w3schools.com/bootstrap/w3-fix.css]
[www.w3schools.com/bootstrap/bootstrap_ver.html]
[www.w3schools.com/bootstrap/bootstrap_ref_all_classes.html]
[www.w3schools.com/bootstrap/bootstrap_exercises.html]
[www.w3schools.com/bootstrap/bootstrap_quiz.html]
[www.w3schools.com/bootstrap/bootstrap_get_started.html]
[www.w3schools.com/bootstrap/bootstrap_grid_basic.html]
[www.w3schools.com/bootstrap/bootstrap_typography.html]
[www.w3schools.com/bootstrap/bootstrap_tables.html]
[www.w3schools.com/bootstrap/bootstrap_images.html]
[www.w3schools.com/bootstrap/bootstrap_jumbotron_header.html]
[www.w3schools.com/bootstrap/bootstrap_wells.html]
[www.w3schools.com/bootstrap/bootstrap_alerts.html]
[www.w3schools.com/bootstrap/bootstrap_buttons.html]
[www.w3schools.com/bootstrap/bootstrap_button_groups.html]
[www.w3schools.com/bootstrap/bootstrap_glyphicons.html]
[www.w3schools.com/bootstrap/bootstrap_badges_labels.html]
[www.w3schools.com/bootstrap/bootstrap_progressbars.html]
[www.w3schools.com/bootstrap/bootstrap_pagination.html]
[www.w3schools.com/bootstrap/bootstrap_pager.html]
[www.w3schools.com/bootstrap/bootstrap_list_groups.html]
[www.w3schools.com/bootstrap/bootstrap_panels.html]
[www.w3schools.com/bootstrap/bootstrap_dropdowns.html]
[www.w3schools.com/bootstrap/bootstrap_collapse.html]
[www.w3schools.com/bootstrap/bootstrap_tabs_pills.html]
[www.w3schools.com/bootstrap/bootstrap_navbar.html]
[www.w3schools.com/bootstrap/bootstrap_forms.html]
[www.w3schools.com/bootstrap/bootstrap_forms_inputs.html]
[www.w3schools.com/bootstrap/bootstrap_forms_inputs2.html]
[www.w3schools.com/bootstrap/bootstrap_forms_sizing.html]
[www.w3schools.com/bootstrap/bootstrap_media_objects.html]
[www.w3schools.com/bootstrap/bootstrap_carousel.html]
[www.w3schools.com/bootstrap/bootstrap_modal.html]
[www.w3schools.com/bootstrap/bootstrap_tooltip.html]
[www.w3schools.com/bootstrap/bootstrap_popover.html]
[www.w3schools.com/bootstrap/bootstrap_scrollspy.html]
[www.w3schools.com/bootstrap/bootstrap_affix.html]
[www.w3schools.com/bootstrap/bootstrap_filters.html]
[www.w3schools.com/bootstrap/bootstrap_grid_system.html]
[www.w3schools.com/bootstrap/bootstrap_grid_stacked_to_horizontal.html]
[www.w3schools.com/bootstrap/bootstrap_grid_small.html]
[www.w3schools.com/bootstrap/bootstrap_grid_medium.html]
[www.w3schools.com/bootstrap/bootstrap_grid_large.html]
[www.w3schools.com/bootstrap/bootstrap_grid_examples.html]
[www.w3schools.com/bootstrap/bootstrap_templates.html]
[www.w3schools.com/bootstrap/bootstrap_theme_me.html]
[www.w3schools.com/bootstrap/bootstrap_theme_company.html]
[www.w3schools.com/bootstrap/bootstrap_theme_band.html]
[www.w3schools.com/bootstrap/bootstrap_examples.html]
[www.w3schools.com/bootstrap/bootstrap_exam.html]
[www.w3schools.com/bootstrap/bootstrap_ref_css_text.html]
[www.w3schools.com/bootstrap/bootstrap_ref_css_buttons.html]
[www.w3schools.com/bootstrap/bootstrap_ref_css_forms.html]
[www.w3schools.com/bootstrap/bootstrap_ref_css_helpers.html]
[www.w3schools.com/bootstrap/bootstrap_ref_css_images.html]
[www.w3schools.com/bootstrap/bootstrap_ref_css_tables.html]
[www.w3schools.com/bootstrap/bootstrap_ref_comp_dropdowns.html]
[www.w3schools.com/bootstrap/bootstrap_ref_comp_navs.html]
[www.w3schools.com/bootstrap/bootstrap_ref_comp_glyphs.html]
[www.w3schools.com/bootstrap/bootstrap_ref_js_affix.html]
[www.w3schools.com/bootstrap/bootstrap_ref_js_alert.html]
[www.w3schools.com/bootstrap/bootstrap_ref_js_button.html]
[www.w3schools.com/bootstrap/bootstrap_ref_js_carousel.html]
[www.w3schools.com/bootstrap/bootstrap_ref_js_collapse.html]
[www.w3schools.com/bootstrap/bootstrap_ref_js_dropdown.html]
[www.w3schools.com/bootstrap/bootstrap_ref_js_modal.html]
[www.w3schools.com/bootstrap/bootstrap_ref_js_popover.html]
[www.w3schools.com/bootstrap/bootstrap_ref_js_scrollspy.html]
[www.w3schools.com/bootstrap/bootstrap_ref_js_tab.html]
[www.w3schools.com/bootstrap/bootstrap_ref_js_tooltip.html]
[www.w3schools.com/bootstrap/imgdefault.jpg]
[www.w3schools.com/bootstrap/tryit689b.html]
[www.w3schools.com/bootstrap/trybs_theme_company_full.html]
[www.w3schools.com/bootstrap/bs_themes.jpg]
[www.w3schools.com/bootstrap/bs_templates2.jpg]
[www.w3schools.com/lib/w3schools_footer721a.js]
[www.w3schools.com/bootstrap/default.html]
[maxcdn.bootstrapcdn.com/bootstrap/3.3.7/css/bootstrap.min.css]
[www.w3schools.com/lib/fonts/source-code-pro-v14-latin-regular.eot]
[www.w3schools.com/lib/fonts/source-code-pro-v14-latin-regulard41d.eot]
[www.w3schools.com/lib/fonts/source-code-pro-v14-latin-regular.woff2]
[www.w3schools.com/lib/fonts/source-code-pro-v14-latin-regular.woff]
[www.w3schools.com/lib/fonts/source-code-pro-v14-latin-regular.ttf]
[www.w3schools.com/lib/fonts/roboto-mono-v13-latin-500.eot]
[www.w3schools.com/lib/fonts/roboto-mono-v13-latin-500d41d.eot]
[www.w3schools.com/lib/fonts/roboto-mono-v13-latin-500.woff2]
[www.w3schools.com/lib/fonts/roboto-mono-v13-latin-500.woff]
[www.w3schools.com/lib/fonts/roboto-mono-v13-latin-500.ttf]
[www.w3schools.com/lib/fonts/source-sans-pro-v14-latin-700.eot]
[www.w3schools.com/lib/fonts/source-sans-pro-v14-latin-700d41d.eot]
[www.w3schools.com/lib/fonts/source-sans-pro-v14-latin-700.woff2]
[www.w3schools.com/lib/fonts/source-sans-pro-v14-latin-700.woff]
[www.w3schools.com/lib/fonts/source-sans-pro-v14-latin-700.ttf]
[www.w3schools.com/lib/fonts/source-sans-pro-v14-latin-600.eot]
[www.w3schools.com/lib/fonts/source-sans-pro-v14-latin-600d41d.eot]
[www.w3schools.com/lib/fonts/source-sans-pro-v14-latin-600.woff2]
[www.w3schools.com/lib/fonts/source-sans-pro-v14-latin-600.woff]
[www.w3schools.com/lib/fonts/source-sans-pro-v14-latin-600.ttf]
[www.w3schools.com/lib/fonts/freckle-face-v9-latin-regular.eot]
[www.w3schools.com/lib/fonts/freckle-face-v9-latin-regulard41d.eot]
[www.w3schools.com/lib/fonts/freckle-face-v9-latin-regular.woff2]
[www.w3schools.com/lib/fonts/freckle-face-v9-latin-regular.woff]
[www.w3schools.com/lib/fonts/freckle-face-v9-latin-regular.ttf]
[www.w3schools.com/lib/fonts/montserrat-v18-latin-regular.eot]
[www.w3schools.com/lib/fonts/montserrat-v18-latin-regulard41d.eot]
[www.w3schools.com/lib/fonts/montserrat-v18-latin-regular.woff2]
[www.w3schools.com/lib/fonts/montserrat-v18-latin-regular.woff]
[www.w3schools.com/lib/fonts/montserrat-v18-latin-regular.ttf]
[www.w3schools.com/lib/fonts/fontawesome8deb.eot]
[www.w3schools.com/lib/fonts/fontawesome8deb.woff2]
[www.w3schools.com/lib/fonts/fontawesome8deb.woff]
[www.w3schools.com/lib/fonts/fontawesome8deb.ttf]
[www.w3schools.com/lib/w3schools30.css]
[www.googletagmanager.com/gtm5445.html]
[www.w3schools.com/bootstrap/w3-fix.css]
[translate.google.com/translate_a/elementa0d8.js]
[www.w3schools.com/lib/w3codecolor.js]
[www.w3schools.com/bootstrap/bootstrap_ver.html]
[maxcdn.bootstrapcdn.com/bootstrap/3.4.0/css/bootstrap.min.css]
[maxcdn.bootstrapcdn.com/bootstrap/3.4.0/js/bootstrap.min.js]
[cdnjs.cloudflare.com/ajax/libs/font-awesome/4.7.0/css/font-awesome.min.css]
[www.w3schools.com/bootstrap/tryit021d.html]
[www.w3schools.com/bootstrap/tryitfe3b.html]
[www.w3schools.com/bootstrap/tryitd069.html]
[www.w3schools.com/bootstrap/tryit0b62.html]
[www.w3schools.com/bootstrap/tryit3da0.html]
[www.w3schools.com/bootstrap/tryit1e14.html]
[www.w3schools.com/bootstrap/tryit8d2c.html]
[www.w3schools.com/bootstrap/tryitb1db.html]
[www.w3schools.com/bootstrap/tryit8f86.html]
[www.w3schools.com/bootstrap/tryiteb88.html]
[www.w3schools.com/bootstrap/tryit5eee.html]
[www.w3schools.com/bootstrap/tryit0ced.html]
[www.w3schools.com/bootstrap/tryiteaef.html]
[www.w3schools.com/bootstrap/tryit2439.html]
[www.w3schools.com/bootstrap/tryit15f5.html]
[www.w3schools.com/bootstrap/tryitd00f.html]
[www.w3schools.com/bootstrap/tryit7b2b.html]
[www.w3schools.com/bootstrap/tryit181c.html]
[www.w3schools.com/bootstrap/tryit1f37.html]
[www.w3schools.com/bootstrap/tryit55bb.html]
[www.w3schools.com/bootstrap/tryitd347.html]
[www.w3schools.com/bootstrap/tryit84e3.html]
[www.w3schools.com/bootstrap/tryitb3bd.html]
[www.w3schools.com/bootstrap/tryit5d59.html]
[www.w3schools.com/bootstrap/tryit0ffa.html]
[www.w3schools.com/bootstrap/tryit7026.html]
[www.w3schools.com/bootstrap/tryita26b.html]
[www.w3schools.com/bootstrap/tryiteef8.html]
[www.w3schools.com/bootstrap/tryitf2e3.html]
[www.w3schools.com/bootstrap/tryit629d.html]
[www.w3schools.com/bootstrap/tryitab8e.html]
[www.w3schools.com/bootstrap/tryitf78b.html]
[www.w3schools.com/bootstrap/tryitcf8c.html]
[www.w3schools.com/bootstrap/tryita784.html]
[www.w3schools.com/bootstrap/tryitd4d9.html]
[www.w3schools.com/bootstrap/tryit9956.html]
[www.w3schools.com/bootstrap/tryita01d.html]
[www.w3schools.com/bootstrap/tryit3c39.html]
[www.w3schools.com/bootstrap/tryit9d5c.html]
[www.w3schools.com/bootstrap/tryitc326.html]
[www.w3schools.com/bootstrap/tryita8c3.html]
[www.w3schools.com/bootstrap/tryit3b37.html]
[www.w3schools.com/bootstrap/tryitbd1b.html]
[www.w3schools.com/bootstrap/tryitee3f.html]
[www.w3schools.com/bootstrap/tryit3d7a.html]
[www.w3schools.com/bootstrap/tryit6cba.html]
[www.w3schools.com/bootstrap/tryit64f9.html]
[www.w3schools.com/bootstrap/tryit4831.html]
[www.w3schools.com/bootstrap/tryit208f.html]
[www.w3schools.com/bootstrap/tryit3322.html]
[www.w3schools.com/bootstrap/tryit6a64.html]
[www.w3schools.com/bootstrap/tryit1f51.html]
[www.w3schools.com/bootstrap/tryit5fdf.html]
[www.w3schools.com/bootstrap/tryit8c2c.html]
[www.w3schools.com/bootstrap/tryite653.html]
[www.w3schools.com/bootstrap/tryit3923.html]
[www.w3schools.com/bootstrap/tryitb49d.html]
[www.w3schools.com/bootstrap/tryit7af9.html]
[www.w3schools.com/bootstrap/tryit8525.html]
[www.w3schools.com/bootstrap/tryit737f.html]
[www.w3schools.com/bootstrap/tryit6ac0.html]
[www.w3schools.com/bootstrap/tryit69df.html]
[www.w3schools.com/bootstrap/tryita635.html]
[www.w3schools.com/bootstrap/tryit80da.html]
[www.w3schools.com/bootstrap/tryitee56.html]
[www.w3schools.com/bootstrap/tryit4ce5.html]
[www.w3schools.com/bootstrap/tryite4e9.html]
[www.w3schools.com/bootstrap/tryitf725.html]
[www.w3schools.com/bootstrap/tryit12f4.html]
[www.w3schools.com/bootstrap/tryitbfa8.html]
[www.w3schools.com/bootstrap/tryitd2b2.html]
[www.w3schools.com/bootstrap/tryit5abe.html]
[www.w3schools.com/bootstrap/tryitb6e4.html]
[www.w3schools.com/bootstrap/tryit4758.html]
[www.w3schools.com/bootstrap/tryit980d.html]
[www.w3schools.com/bootstrap/tryitc3a7.html]
[www.w3schools.com/bootstrap/tryit633b.html]
[www.w3schools.com/bootstrap/tryitdb4d.html]
[www.w3schools.com/bootstrap/tryitd65c.html]
[www.w3schools.com/bootstrap/tryit6b41.html]
[www.w3schools.com/bootstrap/tryitc55f.html]
[www.w3schools.com/bootstrap/tryitba77.html]
[www.w3schools.com/bootstrap/tryite5c8.html]
[www.w3schools.com/bootstrap/tryite483.html]
[www.w3schools.com/bootstrap/tryit7ad9.html]
[www.w3schools.com/bootstrap/tryit7478.html]
[www.w3schools.com/bootstrap/tryitf8a4.html]
[www.w3schools.com/bootstrap/tryit38b7.html]
[www.w3schools.com/bootstrap/tryit18a1.html]
[www.w3schools.com/bootstrap/tryitf60d.html]
[www.w3schools.com/bootstrap/tryitc425.html]
[www.w3schools.com/bootstrap/tryit7071.html]
[www.w3schools.com/bootstrap/tryite531.html]
[www.w3schools.com/bootstrap/tryit0336.html]
[www.w3schools.com/bootstrap/tryitfcfe.html]
[www.w3schools.com/bootstrap/tryitf1b0.html]
[www.w3schools.com/bootstrap/tryitb220.html]
[www.w3schools.com/bootstrap/tryitef9a.html]
[www.w3schools.com/bootstrap/tryitb035.html]
[www.w3schools.com/bootstrap/tryit30b5.html]
[www.w3schools.com/bootstrap/tryit6ca7.html]
[www.w3schools.com/bootstrap/tryite1ce.html]
[www.w3schools.com/bootstrap/tryit578c.html]
[www.w3schools.com/bootstrap/tryit88b5.html]
[www.w3schools.com/bootstrap/tryite2ee.html]
[www.w3schools.com/bootstrap/tryita59b.html]
[www.w3schools.com/bootstrap/tryit3dfa.html]
[www.w3schools.com/bootstrap/tryit589b.html]
[www.w3schools.com/bootstrap/tryitc378.html]
[www.w3schools.com/bootstrap/tryitef52.html]
[www.w3schools.com/bootstrap/tryit9816.html]
[www.w3schools.com/bootstrap/tryit495c.html]
[www.w3schools.com/bootstrap/tryit043e.html]
[www.w3schools.com/bootstrap/tryit38d4.html]
[www.w3schools.com/bootstrap/tryitc7ab.html]
[www.w3schools.com/bootstrap/bootstrap_ref_all_classes.html]
[www.w3schools.com/bootstrap/bootstrap_exercises.html]
[www.w3schools.com/bootstrap/bootstrap_quiz.html]
[www.w3schools.com/bootstrap/bootstrap_get_started.html]
[www.w3schools.com/bootstrap/tryitc236.html]
[www.w3schools.com/bootstrap/tryite1a2.html]
[www.w3schools.com/bootstrap/bootstrap_grid_basic.html]
[www.w3schools.com/bootstrap/tryitd083.html]
[www.w3schools.com/bootstrap/tryitc1d5.html]
[www.w3schools.com/bootstrap/tryit149a.html]
[www.w3schools.com/bootstrap/tryit87a3.html]
[www.w3schools.com/bootstrap/tryit44f5.html]
[www.w3schools.com/bootstrap/tryit41b3.html]
[www.w3schools.com/bootstrap/tryit762f.html]
[www.w3schools.com/bootstrap/tryit259f.html]
[www.w3schools.com/bootstrap/tryitf321.html]
[www.w3schools.com/bootstrap/bootstrap_typography.html]
[www.w3schools.com/bootstrap/tryitf90b.html]
[www.w3schools.com/bootstrap/bootstrap_tables.html]
[www.w3schools.com/bootstrap/paris.jpg]
[www.w3schools.com/bootstrap/newyork.jpg]
[www.w3schools.com/bootstrap/sanfran.jpg]
[www.w3schools.com/w3images/lights.jpg]
[www.w3schools.com/w3images/nature.jpg]
[www.w3schools.com/w3images/fjords.jpg]
[www.w3schools.com/bootstrap/bootstrap_images.html]
[www.w3schools.com/bootstrap/bootstrap_jumbotron_header.html]
[www.w3schools.com/bootstrap/bootstrap_wells.html]
[www.w3schools.com/bootstrap/bootstrap_alerts.html]
[www.w3schools.com/bootstrap/tryit68f7.html]
[www.w3schools.com/bootstrap/bootstrap_buttons.html]
[www.w3schools.com/bootstrap/tryit76cf.html]
[www.w3schools.com/bootstrap/tryit229b.html]
[www.w3schools.com/bootstrap/tryit5751.html]
[www.w3schools.com/bootstrap/bootstrap_button_groups.html]
[www.w3schools.com/bootstrap/bootstrap_glyphicons.html]
[www.w3schools.com/bootstrap/tryit359f.html]
[www.w3schools.com/bootstrap/bootstrap_badges_labels.html]
[www.w3schools.com/bootstrap/tryit46da.html]
[www.w3schools.com/bootstrap/tryit61d0.html]
[www.w3schools.com/bootstrap/bootstrap_progressbars.html]
[www.w3schools.com/bootstrap/bootstrap_pagination.html]
[www.w3schools.com/bootstrap/trybs_pager_res.html]
[www.w3schools.com/bootstrap/trybs_pager_prev_res.html]
[www.w3schools.com/bootstrap/bootstrap_pager.html]
[www.w3schools.com/bootstrap/tryit45d9.html]
[www.w3schools.com/bootstrap/tryite577.html]
[www.w3schools.com/bootstrap/bootstrap_list_groups.html]
[www.w3schools.com/bootstrap/bootstrap_panels.html]
[www.w3schools.com/bootstrap/tryit6940.html]
[www.w3schools.com/bootstrap/bootstrap_dropdowns.html]
[www.w3schools.com/bootstrap/tryit083a.html]
[www.w3schools.com/bootstrap/tryit6d5d.html]
[www.w3schools.com/bootstrap/tryit13ec.html]
[www.w3schools.com/bootstrap/bootstrap_collapse.html]
[www.w3schools.com/bootstrap/tryitafda.html]
[www.w3schools.com/bootstrap/tryit22e4.html]
[www.w3schools.com/bootstrap/tryitb154.html]
[www.w3schools.com/bootstrap/tryitfffe.html]
[www.w3schools.com/bootstrap/tryit4d01.html]
[www.w3schools.com/bootstrap/tryit8a1e.html]
[www.w3schools.com/bootstrap/bootstrap_tabs_pills.html]
[www.w3schools.com/bootstrap/tryit7356.html]
[www.w3schools.com/bootstrap/tryita18e.html]
[www.w3schools.com/bootstrap/bootstrap_navbar.html]
[www.w3schools.com/bootstrap/tryit9f3f.html]
[www.w3schools.com/bootstrap/tryit40c3.html]
[www.w3schools.com/bootstrap/tryit7db4.html]
[www.w3schools.com/bootstrap/bootstrap_forms.html]
[www.w3schools.com/bootstrap/tryitd04d.html]
[www.w3schools.com/bootstrap/tryitfcc3.html]
[www.w3schools.com/bootstrap/tryit29cb.html]
[www.w3schools.com/bootstrap/bootstrap_forms_inputs.html]
[maxcdn.bootstrapcdn.com/bootstrap/3.4.1/css/bootstrap.min.css]
[ajax.googleapis.com/ajax/libs/jquery/3.4.1/jquery.min.js]
[maxcdn.bootstrapcdn.com/bootstrap/3.4.1/js/bootstrap.min.js]
[www.w3schools.com/bootstrap/tryit4ab1.html]
[www.w3schools.com/bootstrap/bootstrap_forms_inputs2.html]
[www.w3schools.com/bootstrap/tryit325c.html]
[www.w3schools.com/bootstrap/tryit4da6.html]
[www.w3schools.com/bootstrap/bootstrap_forms_sizing.html]
[www.w3schools.com/bootstrap/img_avatar3.png]
[www.w3schools.com/bootstrap/img_avatar4.png]
[www.w3schools.com/bootstrap/img_avatar6.png]
[www.w3schools.com/bootstrap/img_avatar1.png]
[www.w3schools.com/bootstrap/tryitc19d.html]
[www.w3schools.com/bootstrap/img_avatar2.png]
[www.w3schools.com/bootstrap/tryit598b.html]
[www.w3schools.com/bootstrap/img_avatar5.png]
[www.w3schools.com/bootstrap/bootstrap_media_objects.html]
[www.w3schools.com/bootstrap/la.jpg]
[www.w3schools.com/bootstrap/chicago.jpg]
[www.w3schools.com/bootstrap/ny.jpg]
[www.w3schools.com/bootstrap/bootstrap_carousel.html]
[www.w3schools.com/bootstrap/bootstrap_modal.html]
[www.w3schools.com/bootstrap/tryitcdd0.html]
[www.w3schools.com/bootstrap/bootstrap_tooltip.html]
[www.w3schools.com/bootstrap/tryit748d.html]
[www.w3schools.com/bootstrap/tryit69d2.html]
[www.w3schools.com/bootstrap/tryitb4cf.html]
[www.w3schools.com/bootstrap/bootstrap_popover.html]
[www.w3schools.com/bootstrap/trybs_scrollspy.html]
[www.w3schools.com/bootstrap/tryita7e1.html]
[www.w3schools.com/bootstrap/trybs_scrollspy2.html]
[www.w3schools.com/bootstrap/tryit25b3.html]
[www.w3schools.com/bootstrap/bootstrap_scrollspy.html]
[www.w3schools.com/bootstrap/trybs_affix_navbar.html]
[www.w3schools.com/bootstrap/trybs_affix_vertical_nav.html]
[www.w3schools.com/bootstrap/tryitb2cf.html]
[www.w3schools.com/bootstrap/tryit9256.html]
[www.w3schools.com/bootstrap/tryitf4ad.html]
[www.w3schools.com/bootstrap/bootstrap_affix.html]
[www.w3schools.com/bootstrap/tryit19a8.html]
[www.w3schools.com/bootstrap/tryita804.html]
[www.w3schools.com/bootstrap/tryita53b.html]
[www.w3schools.com/bootstrap/bootstrap_filters.html]
[www.w3schools.com/bootstrap/bootstrap_grid_system.html]
[www.w3schools.com/bootstrap/tryitf4dc.html]
[www.w3schools.com/bootstrap/bootstrap_grid_stacked_to_horizontal.html]
[www.w3schools.com/bootstrap/tryita4e9.html]
[www.w3schools.com/bootstrap/bootstrap_grid_small.html]
[www.w3schools.com/bootstrap/tryitfbae.html]
[www.w3schools.com/bootstrap/tryit28f2.html]
[www.w3schools.com/bootstrap/bootstrap_grid_medium.html]
[www.w3schools.com/bootstrap/bootstrap_grid_large.html]
[www.w3schools.com/bootstrap/tryit3ba0.html]
[www.w3schools.com/bootstrap/tryit0956.html]
[www.w3schools.com/bootstrap/tryit06c2.html]
[www.w3schools.com/bootstrap/tryit6d92.html]
[www.w3schools.com/bootstrap/bootstrap_grid_examples.html]
[www.w3schools.com/bootstrap/trybs_temp_blog_ifr.html]
[www.w3schools.com/bootstrap/tryit8490.html]
[www.w3schools.com/bootstrap/trybs_temp_portfolio_ifr.html]
[www.w3schools.com/bootstrap/tryit3d70.html]
[www.w3schools.com/bootstrap/trybs_temp_webpage_ifr.html]
[www.w3schools.com/bootstrap/tryitfaf2.html]
[www.w3schools.com/bootstrap/trybs_temp_social_ifr.html]
[www.w3schools.com/bootstrap/trybs_temp_marketing_ifr.html]
[www.w3schools.com/bootstrap/tryite7f9.html]
[www.w3schools.com/bootstrap/trybs_temp_marketing2_ifr.html]
[www.w3schools.com/bootstrap/tryite4b3.html]
[www.w3schools.com/bootstrap/trybs_temp_analytics_ifr.html]
[www.w3schools.com/bootstrap/tryitd0d2.html]
[www.w3schools.com/bootstrap/trybs_temp_store_ifr.html]
[www.w3schools.com/bootstrap/tryit6102.html]
[www.w3schools.com/bootstrap/bootstrap_templates.html]
[cdnjs.cloudflare.com/ajax/libs/font-awesome/4.4.0/css/font-awesome.min.css]
[www.w3schools.com/bootstrap/trybs_theme_me_complete.html]
[www.w3schools.com/bootstrap/tryit31b2.html]
[www.w3schools.com/bootstrap/bird150.jpg]
[www.w3schools.com/bootstrap/tryit1058.html]
[www.w3schools.com/bootstrap/tryit5cfd.html]
[www.w3schools.com/bootstrap/tryit73f7.html]
[www.w3schools.com/bootstrap/tryit01f3.html]
[www.w3schools.com/bootstrap/tryit1525.html]
[www.w3schools.com/bootstrap/tryit4107.html]
[www.w3schools.com/bootstrap/tryit9022.html]
[www.w3schools.com/bootstrap/birds1.jpg]
[www.w3schools.com/bootstrap/birds2.jpg]
[www.w3schools.com/bootstrap/birds3.jpg]
[www.w3schools.com/bootstrap/tryit1627.html]
[www.w3schools.com/bootstrap/tryitd5cf.html]
[www.w3schools.com/bootstrap/tryit9eae.html]
[www.w3schools.com/bootstrap/tryit1bf3.html]
[www.w3schools.com/bootstrap/tryit4c82.html]
[www.w3schools.com/bootstrap/bootstrap_theme_me.html]
[www.w3schools.com/bootstrap/tryitce28.html]
[www.w3schools.com/bootstrap/tryit5e32.html]
[www.w3schools.com/bootstrap/tryit91c2.html]
[www.w3schools.com/bootstrap/tryit0dfb.html]
[www.w3schools.com/bootstrap/tryit66b4.html]
[www.w3schools.com/bootstrap/tryitaffb.html]
[www.w3schools.com/bootstrap/tryitb093.html]
[www.w3schools.com/bootstrap/tryitff43.html]
[www.w3schools.com/bootstrap/tryitd34b.html]
[www.w3schools.com/bootstrap/tryit1f6c.html]
[www.w3schools.com/bootstrap/tryite349.html]
[www.w3schools.com/bootstrap/map.jpg]
[www.w3schools.com/bootstrap/tryit454d.html]
[www.w3schools.com/bootstrap/tryitc797.html]
[www.w3schools.com/bootstrap/tryit3658.html]
[www.w3schools.com/bootstrap/tryit6fa8.html]
[www.w3schools.com/bootstrap/tryit10d2.html]
[www.w3schools.com/bootstrap/tryit93b4.html]
[www.w3schools.com/bootstrap/tryitd715.html]
[www.w3schools.com/bootstrap/bootstrap_theme_company.html]
[www.w3schools.com/bootstrap/trybs_theme_band_full.html]
[www.w3schools.com/bootstrap/tryit54c2.html]
[www.w3schools.com/bootstrap/tryitcafd.html]
[www.w3schools.com/bootstrap/tryit1b79.html]
[www.w3schools.com/bootstrap/tryit1c3a.html]
[www.w3schools.com/bootstrap/bandmember.jpg]
[www.w3schools.com/bootstrap/tryited8c.html]
[www.w3schools.com/bootstrap/tryit8400.html]
[www.w3schools.com/bootstrap/tryit5f6e.html]
[www.w3schools.com/bootstrap/tryit0a75.html]
[www.w3schools.com/bootstrap/tryit4b52.html]
[www.w3schools.com/bootstrap/tryitac73.html]
[www.w3schools.com/bootstrap/tryit7ca3.html]
[www.w3schools.com/bootstrap/tryit1223.html]
[www.w3schools.com/bootstrap/tryit54a2.html]
[www.w3schools.com/bootstrap/tryit5b4a.html]
[www.w3schools.com/bootstrap/tryit30ab.html]
[www.w3schools.com/bootstrap/tryit3c20.html]
[www.w3schools.com/bootstrap/tryit4dd6.html]
[www.w3schools.com/bootstrap/trybs_theme_band_navbar_iframe.html]
[www.w3schools.com/bootstrap/tryit33de.html]
[www.w3schools.com/bootstrap/tryitacba.html]
[www.w3schools.com/bootstrap/tryite9d6.html]
[www.w3schools.com/bootstrap/bootstrap_theme_band.html]
[www.w3schools.com/bootstrap/bootstrap_examples.html]
[www.w3schools.com/bootstrap/bootstrap_exam.html]
[www.w3schools.com/bootstrap/tryit8377.html]
[www.w3schools.com/bootstrap/tryitcc2e.html]
[www.w3schools.com/bootstrap/tryitdce4.html]
[www.w3schools.com/bootstrap/tryit2d82.html]
[www.w3schools.com/bootstrap/tryit4082.html]
[www.w3schools.com/bootstrap/tryitb328.html]
[www.w3schools.com/bootstrap/tryit93ee.html]
[www.w3schools.com/bootstrap/tryit523a.html]
[www.w3schools.com/bootstrap/tryite42e.html]
[www.w3schools.com/bootstrap/tryit38d7.html]
[www.w3schools.com/bootstrap/tryit8809.html]
[www.w3schools.com/bootstrap/tryit4a7a.html]
[www.w3schools.com/bootstrap/tryit6b45.html]
[www.w3schools.com/bootstrap/tryit6fbc.html]
[www.w3schools.com/bootstrap/bootstrap_ref_css_text.html]
[www.w3schools.com/bootstrap/tryit5042.html]
[www.w3schools.com/bootstrap/tryit3e05.html]
[www.w3schools.com/bootstrap/tryitefb4.html]
[www.w3schools.com/bootstrap/tryit09c0.html]
[www.w3schools.com/bootstrap/tryit5eb9.html]
[www.w3schools.com/bootstrap/tryit2916.html]
[www.w3schools.com/bootstrap/tryit763a.html]
[www.w3schools.com/bootstrap/tryit3e34.html]
[www.w3schools.com/bootstrap/tryitf6fe.html]
[www.w3schools.com/bootstrap/tryitb82a.html]
[www.w3schools.com/bootstrap/tryitd383.html]
[www.w3schools.com/bootstrap/tryit588f.html]
[www.w3schools.com/bootstrap/tryit3ec9.html]
[www.w3schools.com/bootstrap/bootstrap_ref_css_buttons.html]
[www.w3schools.com/bootstrap/tryite12d.html]
[www.w3schools.com/bootstrap/bootstrap_ref_css_forms.html]
[www.w3schools.com/bootstrap/tryit4325.html]
[www.w3schools.com/bootstrap/tryit9065.html]
[www.w3schools.com/bootstrap/tryit6072.html]
[www.w3schools.com/bootstrap/tryit94c2.html]
[www.w3schools.com/bootstrap/tryita4f8.html]
[www.w3schools.com/bootstrap/tryitd382.html]
[www.w3schools.com/bootstrap/tryit7c10.html]
[www.w3schools.com/bootstrap/tryitf166.html]
[www.w3schools.com/bootstrap/tryit0039.html]
[www.w3schools.com/bootstrap/bootstrap_ref_css_helpers.html]
[www.w3schools.com/bootstrap/cinqueterre.jpg]
[www.w3schools.com/bootstrap/tryitb0a1.html]
[www.w3schools.com/bootstrap/tryita1f2.html]
[www.w3schools.com/bootstrap/tryitdbf9.html]
[www.w3schools.com/bootstrap/tryit1269.html]
[www.w3schools.com/bootstrap/bootstrap_ref_css_images.html]
[www.w3schools.com/bootstrap/tryit8c3e.html]
[www.w3schools.com/bootstrap/tryit4232.html]
[www.w3schools.com/bootstrap/tryit9037.html]
[www.w3schools.com/bootstrap/tryit9a36.html]
[www.w3schools.com/bootstrap/tryited3b.html]
[www.w3schools.com/bootstrap/tryit35de.html]
[www.w3schools.com/bootstrap/tryite836.html]
[www.w3schools.com/bootstrap/tryit029e.html]
[www.w3schools.com/bootstrap/bootstrap_ref_css_tables.html]
[www.w3schools.com/bootstrap/tryit8a82.html]
[www.w3schools.com/bootstrap/tryit3a39.html]
[www.w3schools.com/bootstrap/tryit3438.html]
[www.w3schools.com/bootstrap/tryit1f78.html]
[www.w3schools.com/bootstrap/bootstrap_ref_comp_dropdowns.html]
[www.w3schools.com/bootstrap/tryit4618.html]
[www.w3schools.com/bootstrap/tryit270b.html]
[www.w3schools.com/bootstrap/tryit93b8.html]
[www.w3schools.com/bootstrap/tryit0d87.html]
[www.w3schools.com/bootstrap/tryit44db.html]
[www.w3schools.com/bootstrap/tryitcfd0.html]
[www.w3schools.com/bootstrap/tryit708b.html]
[www.w3schools.com/bootstrap/tryit2bfa.html]
[www.w3schools.com/bootstrap/tryite506.html]
[www.w3schools.com/bootstrap/tryitb200.html]
[www.w3schools.com/bootstrap/tryite2cc.html]
[www.w3schools.com/bootstrap/tryit257d.html]
[www.w3schools.com/bootstrap/tryit3ec1.html]
[www.w3schools.com/bootstrap/tryitdc32.html]
[www.w3schools.com/bootstrap/tryit738c.html]
[www.w3schools.com/bootstrap/tryit9590.html]
[www.w3schools.com/bootstrap/tryit35e7.html]
[www.w3schools.com/bootstrap/tryit9f9b.html]
[www.w3schools.com/bootstrap/tryitd4fa.html]
[www.w3schools.com/bootstrap/tryit3f95.html]
[www.w3schools.com/bootstrap/bootstrap_ref_comp_navs.html]
[www.w3schools.com/bootstrap/tryit2842.html]
[www.w3schools.com/bootstrap/tryit464e.html]
[www.w3schools.com/bootstrap/tryitdf8e.html]
[www.w3schools.com/bootstrap/tryit1217.html]
[www.w3schools.com/bootstrap/tryitf499.html]
[www.w3schools.com/bootstrap/tryit46ba.html]
[www.w3schools.com/bootstrap/tryit9624.html]
[www.w3schools.com/bootstrap/tryit5c7b.html]
[www.w3schools.com/bootstrap/tryit0911.html]
[www.w3schools.com/bootstrap/tryit2d01.html]
[www.w3schools.com/bootstrap/tryited43.html]
[www.w3schools.com/bootstrap/tryitec25.html]
[www.w3schools.com/bootstrap/tryitbd67.html]
[www.w3schools.com/bootstrap/tryitcd13.html]
[www.w3schools.com/bootstrap/tryitb78e.html]
[www.w3schools.com/bootstrap/tryit4d04.html]
[www.w3schools.com/bootstrap/tryit6103.html]
[www.w3schools.com/bootstrap/tryitaf67.html]
[www.w3schools.com/bootstrap/tryit7c92.html]
[www.w3schools.com/bootstrap/tryit8592.html]
[www.w3schools.com/bootstrap/tryit2096.html]
[www.w3schools.com/bootstrap/tryitdeda.html]
[www.w3schools.com/bootstrap/tryitf648.html]
[www.w3schools.com/bootstrap/tryit08e6.html]
[www.w3schools.com/bootstrap/tryitc713.html]
[www.w3schools.com/bootstrap/tryitee98.html]
[www.w3schools.com/bootstrap/tryite3aa.html]
[www.w3schools.com/bootstrap/tryitbc29.html]
[www.w3schools.com/bootstrap/tryita169.html]
[www.w3schools.com/bootstrap/tryit6571.html]
[www.w3schools.com/bootstrap/tryite57a.html]
[www.w3schools.com/bootstrap/tryita8df.html]
[www.w3schools.com/bootstrap/tryit0b50.html]
[www.w3schools.com/bootstrap/tryit6749.html]
[www.w3schools.com/bootstrap/tryitd04e.html]
[www.w3schools.com/bootstrap/tryit3a40.html]
[www.w3schools.com/bootstrap/tryit7502.html]
[www.w3schools.com/bootstrap/tryitaed8.html]
[www.w3schools.com/bootstrap/tryitd9c1.html]
[www.w3schools.com/bootstrap/tryite61f.html]
[www.w3schools.com/bootstrap/tryitd637.html]
[www.w3schools.com/bootstrap/tryit8863.html]
[www.w3schools.com/bootstrap/tryit66b3.html]
[www.w3schools.com/bootstrap/tryitd849.html]
[www.w3schools.com/bootstrap/tryitd37e.html]
[www.w3schools.com/bootstrap/tryiteb76.html]
[www.w3schools.com/bootstrap/tryitff48.html]
[www.w3schools.com/bootstrap/tryitd954.html]
[www.w3schools.com/bootstrap/tryitb18e.html]
[www.w3schools.com/bootstrap/tryitc6b8.html]
[www.w3schools.com/bootstrap/tryit107f.html]
[www.w3schools.com/bootstrap/tryitd1a3.html]
[www.w3schools.com/bootstrap/tryit273b.html]
[www.w3schools.com/bootstrap/tryitc715.html]
[www.w3schools.com/bootstrap/tryit7374.html]
[www.w3schools.com/bootstrap/tryitc7d5.html]
[www.w3schools.com/bootstrap/tryita6d7.html]
[www.w3schools.com/bootstrap/tryit44de.html]
[www.w3schools.com/bootstrap/tryite768.html]
[www.w3schools.com/bootstrap/tryitfc2c.html]
[www.w3schools.com/bootstrap/tryit3799.html]
[www.w3schools.com/bootstrap/tryit6dea.html]
[www.w3schools.com/bootstrap/tryitf658.html]
[www.w3schools.com/bootstrap/tryit7fc0.html]
[www.w3schools.com/bootstrap/tryitd379.html]
[www.w3schools.com/bootstrap/tryit1543.html]
[www.w3schools.com/bootstrap/tryit31f1.html]
[www.w3schools.com/bootstrap/tryit28ee.html]
[www.w3schools.com/bootstrap/tryitfcdb.html]
[www.w3schools.com/bootstrap/tryitfdf9.html]
[www.w3schools.com/bootstrap/tryitdfc2.html]
[www.w3schools.com/bootstrap/tryit1102.html]
[www.w3schools.com/bootstrap/tryitd517.html]
[www.w3schools.com/bootstrap/tryitb624.html]
[www.w3schools.com/bootstrap/tryit8213.html]
[www.w3schools.com/bootstrap/tryit5abb.html]
[www.w3schools.com/bootstrap/tryit5c4b.html]
[www.w3schools.com/bootstrap/tryit7683.html]
[www.w3schools.com/bootstrap/tryit9c82.html]
[www.w3schools.com/bootstrap/tryit6b7d.html]
[www.w3schools.com/bootstrap/tryitfff3.html]
[www.w3schools.com/bootstrap/tryitb4b7.html]
[www.w3schools.com/bootstrap/tryit7199.html]
[www.w3schools.com/bootstrap/tryit585e.html]
[www.w3schools.com/bootstrap/tryitfd82.html]
[www.w3schools.com/bootstrap/tryit7329.html]
[www.w3schools.com/bootstrap/tryitb6e9.html]
[www.w3schools.com/bootstrap/tryitafc1.html]
[www.w3schools.com/bootstrap/tryitd517-2.html]
[www.w3schools.com/bootstrap/tryitc1cd.html]
[www.w3schools.com/bootstrap/tryit3e81.html]
[www.w3schools.com/bootstrap/tryit9b96.html]
[www.w3schools.com/bootstrap/tryitcf80.html]
[www.w3schools.com/bootstrap/tryit95d5.html]
[www.w3schools.com/bootstrap/tryit749b.html]
[www.w3schools.com/bootstrap/tryit05d3.html]
[www.w3schools.com/bootstrap/tryitca2b.html]
[www.w3schools.com/bootstrap/tryita01f.html]
[www.w3schools.com/bootstrap/tryita3a2.html]
[www.w3schools.com/bootstrap/tryit666c.html]
[www.w3schools.com/bootstrap/tryitc601.html]
[www.w3schools.com/bootstrap/tryit099f.html]
[www.w3schools.com/bootstrap/tryitd588.html]
[www.w3schools.com/bootstrap/tryit8164.html]
[www.w3schools.com/bootstrap/tryit3916.html]
[www.w3schools.com/bootstrap/tryitae0b.html]
[www.w3schools.com/bootstrap/tryit8ff0.html]
[www.w3schools.com/bootstrap/tryitac43.html]
[www.w3schools.com/bootstrap/tryit1751.html]
[www.w3schools.com/bootstrap/tryitb105.html]
[www.w3schools.com/bootstrap/tryit2c1b.html]
[www.w3schools.com/bootstrap/tryitbcc0.html]
[www.w3schools.com/bootstrap/tryit15dd.html]
[www.w3schools.com/bootstrap/tryit040b.html]
[www.w3schools.com/bootstrap/tryitccc4.html]
[www.w3schools.com/bootstrap/tryit90f9.html]
[www.w3schools.com/bootstrap/tryitf1ba.html]
[www.w3schools.com/bootstrap/tryita103.html]
[www.w3schools.com/bootstrap/tryit602a.html]
[www.w3schools.com/bootstrap/tryitc58e.html]
[www.w3schools.com/bootstrap/tryite639.html]
[www.w3schools.com/bootstrap/tryitc90a.html]
[www.w3schools.com/bootstrap/tryit6c0f.html]
[www.w3schools.com/bootstrap/tryit6717.html]
[www.w3schools.com/bootstrap/tryit11d9.html]
[www.w3schools.com/bootstrap/tryit41c6.html]
[www.w3schools.com/bootstrap/tryita649.html]
[www.w3schools.com/bootstrap/tryitbd59.html]
[www.w3schools.com/bootstrap/tryit9589.html]
[www.w3schools.com/bootstrap/tryitea9f.html]
[www.w3schools.com/bootstrap/tryit7d0c.html]
[www.w3schools.com/bootstrap/tryit885e.html]
[www.w3schools.com/bootstrap/tryite774.html]
[www.w3schools.com/bootstrap/tryitdda3.html]
[www.w3schools.com/bootstrap/tryit7991.html]
[www.w3schools.com/bootstrap/tryit78e5.html]
[www.w3schools.com/bootstrap/tryit6900.html]
[www.w3schools.com/bootstrap/tryite516.html]
[www.w3schools.com/bootstrap/tryitac93.html]
[www.w3schools.com/bootstrap/tryitfd3d.html]
[www.w3schools.com/bootstrap/tryit0a23.html]
[www.w3schools.com/bootstrap/tryitc5c9.html]
[www.w3schools.com/bootstrap/tryit9665.html]
[www.w3schools.com/bootstrap/tryit6974.html]
[www.w3schools.com/bootstrap/tryit99a9.html]
[www.w3schools.com/bootstrap/tryit397f.html]
[www.w3schools.com/bootstrap/tryit9fb5.html]
[www.w3schools.com/bootstrap/tryit6e14.html]
[www.w3schools.com/bootstrap/tryite305.html]
[www.w3schools.com/bootstrap/tryitc348.html]
[www.w3schools.com/bootstrap/tryit12bb.html]
[www.w3schools.com/bootstrap/tryit2b0a.html]
[www.w3schools.com/bootstrap/tryitc5f5.html]
[www.w3schools.com/bootstrap/tryit72f7.html]
[www.w3schools.com/bootstrap/tryitbe64.html]
[www.w3schools.com/bootstrap/tryit6c09.html]
[www.w3schools.com/bootstrap/tryit1b99.html]
[www.w3schools.com/bootstrap/tryit52a5.html]
[www.w3schools.com/bootstrap/tryit3e2c.html]
[www.w3schools.com/bootstrap/tryit3502.html]
[www.w3schools.com/bootstrap/tryitd84a.html]
[www.w3schools.com/bootstrap/tryitbd8d.html]
[www.w3schools.com/bootstrap/tryit6e7c.html]
[www.w3schools.com/bootstrap/tryite412.html]
[www.w3schools.com/bootstrap/tryit548c.html]
[www.w3schools.com/bootstrap/tryit737b.html]
[www.w3schools.com/bootstrap/tryitee29.html]
[www.w3schools.com/bootstrap/tryitaaf4.html]
[www.w3schools.com/bootstrap/tryite1ca.html]
[www.w3schools.com/bootstrap/tryit4f93.html]
[www.w3schools.com/bootstrap/tryit7978.html]
[www.w3schools.com/bootstrap/tryit588e.html]
[www.w3schools.com/bootstrap/tryit3c14.html]
[www.w3schools.com/bootstrap/tryit2969.html]
[www.w3schools.com/bootstrap/tryitda80.html]
[www.w3schools.com/bootstrap/tryitda9a.html]
[www.w3schools.com/bootstrap/tryitf083.html]
[www.w3schools.com/bootstrap/tryit74e5.html]
[www.w3schools.com/bootstrap/tryita185.html]
[www.w3schools.com/bootstrap/tryitaf2e.html]
[www.w3schools.com/bootstrap/tryit77cc.html]
[www.w3schools.com/bootstrap/tryit73d3.html]
[www.w3schools.com/bootstrap/tryit950d.html]
[www.w3schools.com/bootstrap/tryita22a.html]
[www.w3schools.com/bootstrap/tryit8036.html]
[www.w3schools.com/bootstrap/tryit59d9.html]
[www.w3schools.com/bootstrap/tryit4e8e.html]
[www.w3schools.com/bootstrap/tryit42e4.html]
[www.w3schools.com/bootstrap/tryitb523.html]
[www.w3schools.com/bootstrap/tryitaa14.html]
[www.w3schools.com/bootstrap/tryit67f7.html]
[www.w3schools.com/bootstrap/tryit5bd1.html]
[www.w3schools.com/bootstrap/tryitf942.html]
[www.w3schools.com/bootstrap/tryit6ece.html]
[www.w3schools.com/bootstrap/tryit7c5d.html]
[www.w3schools.com/bootstrap/tryit0b63.html]
[www.w3schools.com/bootstrap/tryitfa67.html]
[www.w3schools.com/bootstrap/tryit1dd9.html]
[www.w3schools.com/bootstrap/tryit40a5.html]
[www.w3schools.com/bootstrap/tryit97f7.html]
[www.w3schools.com/bootstrap/tryit6d09.html]
[www.w3schools.com/bootstrap/tryit2f39.html]
[www.w3schools.com/bootstrap/tryit7f41.html]
[www.w3schools.com/bootstrap/tryitb063.html]
[www.w3schools.com/bootstrap/tryit3f33.html]
[www.w3schools.com/bootstrap/tryitdcf9.html]
[www.w3schools.com/bootstrap/tryitf552.html]
[www.w3schools.com/bootstrap/tryit2aa5.html]
[www.w3schools.com/bootstrap/tryit4154.html]
[www.w3schools.com/bootstrap/tryita555.html]
[www.w3schools.com/bootstrap/tryit654d.html]
[www.w3schools.com/bootstrap/tryitb5a7.html]
[www.w3schools.com/bootstrap/tryit5aa8.html]
[www.w3schools.com/bootstrap/tryit7bb5.html]
[www.w3schools.com/bootstrap/tryit2230.html]
[www.w3schools.com/bootstrap/tryit3f7d.html]
[www.w3schools.com/bootstrap/tryit59aa.html]
[www.w3schools.com/bootstrap/tryitabc2.html]
[www.w3schools.com/bootstrap/tryit6a2a.html]
[www.w3schools.com/bootstrap/tryit4808.html]
[www.w3schools.com/bootstrap/tryit67fc.html]
[www.w3schools.com/bootstrap/tryit1116.html]
[www.w3schools.com/bootstrap/tryit9387.html]
[www.w3schools.com/bootstrap/tryitabba.html]
[www.w3schools.com/bootstrap/tryit2f6d.html]
[www.w3schools.com/bootstrap/tryit90e7.html]
[www.w3schools.com/bootstrap/tryit74d9.html]
[www.w3schools.com/bootstrap/tryit63a4.html]
[www.w3schools.com/bootstrap/tryit24b4.html]
[www.w3schools.com/bootstrap/tryit184e.html]
[www.w3schools.com/bootstrap/bootstrap_ref_comp_glyphs.html]
[www.w3schools.com/bootstrap/tryit9c54.html]
[www.w3schools.com/bootstrap/tryitdf07.html]
[www.w3schools.com/bootstrap/tryit3b52.html]
[www.w3schools.com/bootstrap/tryit2beb.html]
[www.w3schools.com/bootstrap/tryit83ec.html]
[www.w3schools.com/bootstrap/tryitf847.html]
[www.w3schools.com/bootstrap/tryit7dfb.html]
[www.w3schools.com/bootstrap/tryit743e.html]
[www.w3schools.com/bootstrap/tryit608e.html]
[www.w3schools.com/bootstrap/tryitffe8.html]
[www.w3schools.com/bootstrap/bootstrap_ref_js_affix.html]
[www.w3schools.com/bootstrap/tryit1dbb.html]
[www.w3schools.com/bootstrap/tryitd97d.html]
[www.w3schools.com/bootstrap/tryit4786.html]
[www.w3schools.com/bootstrap/tryit9a25.html]
[www.w3schools.com/bootstrap/tryit3b37-2.html]
[www.w3schools.com/bootstrap/tryit201e.html]
[www.w3schools.com/bootstrap/tryit8678.html]
[www.w3schools.com/bootstrap/tryitd671.html]
[www.w3schools.com/bootstrap/tryit88f6.html]
[www.w3schools.com/bootstrap/tryit322a.html]
[www.w3schools.com/bootstrap/tryit7673.html]
[www.w3schools.com/bootstrap/bootstrap_ref_js_alert.html]
[www.w3schools.com/bootstrap/tryitdb23.html]
[www.w3schools.com/bootstrap/tryitd0d9.html]
[www.w3schools.com/bootstrap/tryit19ff.html]
[www.w3schools.com/bootstrap/tryit7597.html]
[www.w3schools.com/bootstrap/tryit281c.html]
[www.w3schools.com/bootstrap/bootstrap_ref_js_button.html]
[www.w3schools.com/bootstrap/tryit3d30.html]
[www.w3schools.com/bootstrap/tryit8852.html]
[www.w3schools.com/bootstrap/tryita48d.html]
[www.w3schools.com/bootstrap/tryit3690.html]
[www.w3schools.com/bootstrap/tryit833b.html]
[www.w3schools.com/bootstrap/tryitaeff.html]
[www.w3schools.com/bootstrap/tryit595c.html]
[www.w3schools.com/bootstrap/tryitb03f.html]
[www.w3schools.com/bootstrap/tryitcdaf.html]
[www.w3schools.com/bootstrap/tryit900b.html]
[www.w3schools.com/bootstrap/tryit8830.html]
[www.w3schools.com/bootstrap/tryit941b.html]
[www.w3schools.com/bootstrap/img_chania.jpg]
[www.w3schools.com/bootstrap/img_chania2.jpg]
[www.w3schools.com/bootstrap/img_flower.jpg]
[www.w3schools.com/bootstrap/img_flower2.jpg]
[www.w3schools.com/bootstrap/bootstrap_ref_js_carousel.html]
[www.w3schools.com/bootstrap/tryit5136.html]
[www.w3schools.com/bootstrap/tryit0d14.html]
[www.w3schools.com/bootstrap/tryit8524.html]
[www.w3schools.com/bootstrap/tryite42e-2.html]
[www.w3schools.com/bootstrap/tryit9a54.html]
[www.w3schools.com/bootstrap/tryit2350.html]
[www.w3schools.com/bootstrap/tryit1fa5.html]
[www.w3schools.com/bootstrap/bootstrap_ref_js_collapse.html]
[www.w3schools.com/bootstrap/tryit8205.html]
[www.w3schools.com/bootstrap/tryitdebd.html]
[www.w3schools.com/bootstrap/tryitf947.html]
[www.w3schools.com/bootstrap/tryit32d2.html]
[www.w3schools.com/bootstrap/tryit9c98.html]
[www.w3schools.com/bootstrap/tryit0be9.html]
[www.w3schools.com/bootstrap/tryit7727.html]
[www.w3schools.com/bootstrap/tryit0dc1.html]
[www.w3schools.com/bootstrap/tryit7623.html]
[www.w3schools.com/bootstrap/bootstrap_ref_js_dropdown.html]
[www.w3schools.com/bootstrap/tryit2d30.html]
[www.w3schools.com/bootstrap/tryit3547.html]
[www.w3schools.com/bootstrap/tryitc60a.html]
[www.w3schools.com/bootstrap/tryit82c5.html]
[www.w3schools.com/bootstrap/tryitac10.html]
[www.w3schools.com/bootstrap/tryita6d7-2.html]
[www.w3schools.com/bootstrap/tryit093d.html]
[www.w3schools.com/bootstrap/tryit23d0.html]
[www.w3schools.com/bootstrap/tryit00e0.html]
[www.w3schools.com/bootstrap/tryit6475.html]
[www.w3schools.com/bootstrap/tryitee71.html]
[www.w3schools.com/bootstrap/tryit4e49.html]
[www.w3schools.com/bootstrap/tryit6e06.html]
[www.w3schools.com/bootstrap/tryit25d7.html]
[www.w3schools.com/bootstrap/bootstrap_ref_js_modal.html]
[www.w3schools.com/bootstrap/tryit0473.html]
[www.w3schools.com/bootstrap/tryitcd0b.html]
[www.w3schools.com/bootstrap/tryit5643.html]
[www.w3schools.com/bootstrap/tryit8d55.html]
[www.w3schools.com/bootstrap/tryit8cf6.html]
[www.w3schools.com/bootstrap/tryit1f1f.html]
[www.w3schools.com/bootstrap/tryit450b.html]
[www.w3schools.com/bootstrap/tryit05c4.html]
[www.w3schools.com/bootstrap/tryita94e.html]
[www.w3schools.com/bootstrap/bootstrap_ref_js_popover.html]
[www.w3schools.com/bootstrap/tryit8b72.html]
[www.w3schools.com/bootstrap/tryitca51.html]
[www.w3schools.com/bootstrap/tryit7a82.html]
[www.w3schools.com/bootstrap/tryit4706.html]
[www.w3schools.com/bootstrap/bootstrap_ref_js_scrollspy.html]
[www.w3schools.com/bootstrap/tryit20f8.html]
[www.w3schools.com/bootstrap/tryit610b.html]
[www.w3schools.com/bootstrap/tryit3261.html]
[www.w3schools.com/bootstrap/tryit1bbb.html]
[www.w3schools.com/bootstrap/tryitee61.html]
[www.w3schools.com/bootstrap/bootstrap_ref_js_tab.html]
[www.w3schools.com/bootstrap/tryit578a.html]
[www.w3schools.com/bootstrap/tryit72ff.html]
[www.w3schools.com/bootstrap/tryitac4e.html]
[www.w3schools.com/bootstrap/tryit67bd.html]
[www.w3schools.com/bootstrap/tryitf434.html]
[www.w3schools.com/bootstrap/tryit2f3b.html]
[www.w3schools.com/bootstrap/tryit325f.html]
[www.w3schools.com/bootstrap/tryit3177.html]
[www.w3schools.com/bootstrap/tryita81e.html]
[www.w3schools.com/bootstrap/tryitece1.html]
[www.w3schools.com/bootstrap/tryit4ba3.html]
[www.w3schools.com/bootstrap/bootstrap_ref_js_tooltip.html]
[www.w3schools.com/lib/codemirror.css]
[ajax.googleapis.com/ajax/libs/jquery/3.6.0/jquery.min.js]
[www.w3schools.com/lib/codemirror.js]
[www.w3schools.com/lib/codemirror_jsx.js]
[www.w3schools.com/lib/spaceitf700.js]
[www.w3schools.com/lib/spaceit.css]
[www.w3schools.com/bootstrap/tryit689b.html]
[connect.facebook.net/nb_NO/sdk.js]
[www.w3schools.com/bootstrap/exercise_bs368e1.html]
[www.w3schools.com/w3images/map.jpg]
[www.w3schools.com/bootstrap/trybs_theme_company_full.html]
[www.w3schools.com/bootstrap/React.html]
[www.w3schools.com/lib/fonts/source-code-pro-v14-latin-regular.svg]
[www.w3schools.com/lib/fonts/roboto-mono-v13-latin-500.svg]
[www.w3schools.com/lib/fonts/source-sans-pro-v14-latin-700.svg]
[www.w3schools.com/lib/fonts/source-sans-pro-v14-latin-600.svg]
[www.w3schools.com/lib/fonts/freckle-face-v9-latin-regular.svg]
[www.w3schools.com/lib/fonts/montserrat-v18-latin-regular.svg]
[www.w3schools.com/lib/fonts/fontawesome8deb.svg]
[cse.google.com/cse/cse07b6.html]
[maxcdn.bootstrapcdn.com/bootstrap/3.4.0/css/bootstrap.min.css]
[cdnjs.cloudflare.com/ajax/libs/font-awesome/4.7.0/css/font-awesome.min.css]
[www.w3schools.com/bootstrap/tryit021d.html]
[www.w3schools.com/bootstrap/tryitfe3b.html]
[www.w3schools.com/bootstrap/tryitd069.html]
[www.w3schools.com/bootstrap/tryit0b62.html]
[www.w3schools.com/bootstrap/tryit3da0.html]
[www.w3schools.com/bootstrap/tryit1e14.html]
[www.w3schools.com/bootstrap/tryit8d2c.html]
[www.w3schools.com/bootstrap/tryit3c68.html]
[www.w3schools.com/bootstrap/tryitb1db.html]
[www.w3schools.com/bootstrap/tryit8f86.html]
[www.w3schools.com/bootstrap/tryiteb88.html]
[www.w3schools.com/bootstrap/tryit5eee.html]
[www.w3schools.com/bootstrap/tryit0ced.html]
[www.w3schools.com/bootstrap/tryit27cd.html]
[www.w3schools.com/bootstrap/tryiteaef.html]
[www.w3schools.com/bootstrap/tryit2439.html]
[www.w3schools.com/bootstrap/tryit15f5.html]
[www.w3schools.com/bootstrap/tryitd00f.html]
[www.w3schools.com/bootstrap/tryit7b2b.html]
[www.w3schools.com/bootstrap/tryit181c.html]
[www.w3schools.com/bootstrap/tryit1f37.html]
[www.w3schools.com/bootstrap/tryit55bb.html]
[www.w3schools.com/bootstrap/tryitd347.html]
[www.w3schools.com/bootstrap/tryit84e3.html]
[www.w3schools.com/bootstrap/tryitb3bd.html]
[www.w3schools.com/bootstrap/tryit5d59.html]
[www.w3schools.com/bootstrap/tryit0ffa.html]
[www.w3schools.com/bootstrap/tryit7026.html]
[www.w3schools.com/bootstrap/tryita26b.html]
[www.w3schools.com/bootstrap/tryiteef8.html]
[www.w3schools.com/bootstrap/tryitf2e3.html]
[www.w3schools.com/bootstrap/tryit629d.html]
[www.w3schools.com/bootstrap/tryitab8e.html]
[www.w3schools.com/bootstrap/tryitf78b.html]
[www.w3schools.com/bootstrap/tryitcf8c.html]
[www.w3schools.com/bootstrap/tryita784.html]
[www.w3schools.com/bootstrap/tryitd4d9.html]
[www.w3schools.com/bootstrap/tryitb386.html]
[www.w3schools.com/bootstrap/tryit9956.html]
[www.w3schools.com/bootstrap/tryita01d.html]
[www.w3schools.com/bootstrap/tryit54ff.html]
[www.w3schools.com/bootstrap/tryit14b1.html]
[www.w3schools.com/bootstrap/tryit3c39.html]
[www.w3schools.com/bootstrap/tryit9d5c.html]
[www.w3schools.com/bootstrap/tryitc326.html]
[www.w3schools.com/bootstrap/tryita8c3.html]
[www.w3schools.com/bootstrap/tryit3b37.html]
[www.w3schools.com/bootstrap/tryitbd1b.html]
[www.w3schools.com/bootstrap/tryitee3f.html]
[www.w3schools.com/bootstrap/tryit3d7a.html]
[www.w3schools.com/bootstrap/tryit6cba.html]
[www.w3schools.com/bootstrap/tryit696c.html]
[www.w3schools.com/bootstrap/tryitd0b7.html]
[www.w3schools.com/bootstrap/tryit08a6.html]
[www.w3schools.com/bootstrap/tryit64f9.html]
[www.w3schools.com/bootstrap/tryit4831.html]
[www.w3schools.com/bootstrap/tryitfbdc.html]
[www.w3schools.com/bootstrap/tryit3783.html]
[www.w3schools.com/bootstrap/tryit208f.html]
[www.w3schools.com/bootstrap/tryit3322.html]
[www.w3schools.com/bootstrap/tryit6a64.html]
[www.w3schools.com/bootstrap/tryit1f51.html]
[www.w3schools.com/bootstrap/tryit5fdf.html]
[www.w3schools.com/bootstrap/tryit8c2c.html]
[www.w3schools.com/bootstrap/tryite653.html]
[www.w3schools.com/bootstrap/tryit58f6.html]
[www.w3schools.com/bootstrap/tryit3923.html]
[www.w3schools.com/bootstrap/tryitb49d.html]
[www.w3schools.com/bootstrap/tryit7af9.html]
[www.w3schools.com/bootstrap/tryit8525.html]
[www.w3schools.com/bootstrap/tryit737f.html]
[www.w3schools.com/bootstrap/tryit6ac0.html]
[www.w3schools.com/bootstrap/tryit69df.html]
[www.w3schools.com/bootstrap/tryita635.html]
[www.w3schools.com/bootstrap/tryit80da.html]
[www.w3schools.com/bootstrap/tryitee56.html]
[www.w3schools.com/bootstrap/tryit4ce5.html]
[www.w3schools.com/bootstrap/tryite4e9.html]
[www.w3schools.com/bootstrap/tryitf725.html]
[www.w3schools.com/bootstrap/tryit12f4.html]
[www.w3schools.com/bootstrap/tryitbfa8.html]
[www.w3schools.com/bootstrap/tryit73e7.html]
[www.w3schools.com/bootstrap/tryitd2b2.html]
[www.w3schools.com/bootstrap/tryit5abe.html]
[www.w3schools.com/bootstrap/tryitb6e4.html]
[www.w3schools.com/bootstrap/tryit4758.html]
[www.w3schools.com/bootstrap/tryit980d.html]
[www.w3schools.com/bootstrap/tryit36b9.html]
[www.w3schools.com/bootstrap/tryitc3a7.html]
[www.w3schools.com/bootstrap/tryit633b.html]
[www.w3schools.com/bootstrap/tryitdfa7.html]
[www.w3schools.com/bootstrap/tryit1827.html]
[www.w3schools.com/bootstrap/tryitdb4d.html]
[www.w3schools.com/bootstrap/tryitd65c.html]
[www.w3schools.com/bootstrap/tryit6b41.html]
[www.w3schools.com/bootstrap/tryitc55f.html]
[www.w3schools.com/bootstrap/tryitfca5.html]
[www.w3schools.com/bootstrap/tryitba77.html]
[www.w3schools.com/bootstrap/tryite5c8.html]
[www.w3schools.com/bootstrap/tryite483.html]
[www.w3schools.com/bootstrap/tryit7ad9.html]
[www.w3schools.com/bootstrap/tryitd12a.html]
[www.w3schools.com/bootstrap/tryit7478.html]
[www.w3schools.com/bootstrap/tryitf8a4.html]
[www.w3schools.com/bootstrap/tryit38b7.html]
[www.w3schools.com/bootstrap/tryit18a1.html]
[www.w3schools.com/bootstrap/tryitf60d.html]
[www.w3schools.com/bootstrap/tryitc425.html]
[www.w3schools.com/bootstrap/tryit7071.html]
[www.w3schools.com/bootstrap/tryite531.html]
[www.w3schools.com/bootstrap/tryit0336.html]
[www.w3schools.com/bootstrap/tryitfcfe.html]
[www.w3schools.com/bootstrap/tryitf1b0.html]
[www.w3schools.com/bootstrap/tryitb220.html]
[www.w3schools.com/bootstrap/tryitef9a.html]
[www.w3schools.com/bootstrap/tryitb035.html]
[www.w3schools.com/bootstrap/tryit30b5.html]
[www.w3schools.com/bootstrap/tryit6ca7.html]
[www.w3schools.com/bootstrap/tryite1ce.html]
[www.w3schools.com/bootstrap/tryit578c.html]
[www.w3schools.com/bootstrap/tryit88b5.html]
[www.w3schools.com/bootstrap/tryite2ee.html]
[www.w3schools.com/bootstrap/tryita59b.html]
[www.w3schools.com/bootstrap/tryit3dfa.html]
[www.w3schools.com/bootstrap/tryit589b.html]
[www.w3schools.com/bootstrap/tryitc378.html]
[www.w3schools.com/bootstrap/tryitef52.html]
[www.w3schools.com/bootstrap/tryit9816.html]
[www.w3schools.com/bootstrap/tryitaae2.html]
[www.w3schools.com/bootstrap/tryit495c.html]
[www.w3schools.com/bootstrap/tryit043e.html]
[www.w3schools.com/bootstrap/tryit38d4.html]
[www.w3schools.com/bootstrap/tryitc7ab.html]
[www.w3schools.com/bootstrap/exercise_bs3.html]
[www.w3schools.com/bootstrap/tryitc236.html]
[www.w3schools.com/bootstrap/tryite1a2.html]
[www.w3schools.com/bootstrap/tryitd083.html]
[www.w3schools.com/bootstrap/tryitc1d5.html]
[www.w3schools.com/bootstrap/tryit149a.html]
[www.w3schools.com/bootstrap/tryit1968.html]
[www.w3schools.com/bootstrap/tryit87a3.html]
[www.w3schools.com/bootstrap/tryit7bac.html]
[www.w3schools.com/bootstrap/tryit44f5.html]
[www.w3schools.com/bootstrap/tryit41b3.html]
[www.w3schools.com/bootstrap/tryit762f.html]
[www.w3schools.com/bootstrap/tryit259f.html]
[www.w3schools.com/bootstrap/tryitf321.html]
[www.w3schools.com/bootstrap/tryitf90b.html]
[www.w3schools.com/bootstrap/exercise_bs3f768.html]
[www.w3schools.com/bootstrap/exercise_bs3a38d.html]
[www.w3schools.com/bootstrap/tryitc72c.html]
[www.w3schools.com/bootstrap/exercise_bs36ad4.html]
[www.w3schools.com/bootstrap/tryit68f7.html]
[www.w3schools.com/bootstrap/exercise_bs350f1.html]
[www.w3schools.com/bootstrap/tryit76cf.html]
[www.w3schools.com/bootstrap/tryit229b.html]
[www.w3schools.com/bootstrap/tryit5751.html]
[www.w3schools.com/bootstrap/exercise_bs36c37.html]
[www.w3schools.com/bootstrap/exercise_bs3a2ee.html]
[www.w3schools.com/bootstrap/tryit359f.html]
[www.w3schools.com/bootstrap/exercise_bs3ea31.html]
[www.w3schools.com/bootstrap/tryit46da.html]
[www.w3schools.com/bootstrap/tryit61d0.html]
[www.w3schools.com/bootstrap/exercise_bs3d03e.html]
[www.w3schools.com/bootstrap/trybs_pager_res.html]
[www.w3schools.com/bootstrap/trybs_pager_prev_res.html]
[www.w3schools.com/bootstrap/tryit45d9.html]
[www.w3schools.com/bootstrap/tryitb2d2.html]
[www.w3schools.com/bootstrap/tryite577.html]
[www.w3schools.com/bootstrap/exercise_bs3e3d5.html]
[www.w3schools.com/bootstrap/tryit6940.html]
[www.w3schools.com/bootstrap/exercise_bs33c9f.html]
[www.w3schools.com/bootstrap/tryit083a.html]
[www.w3schools.com/bootstrap/tryit6d5d.html]
[www.w3schools.com/bootstrap/tryit13ec.html]
[www.w3schools.com/bootstrap/tryitafda.html]
[www.w3schools.com/bootstrap/tryit22e4.html]
[www.w3schools.com/bootstrap/tryitb154.html]
[www.w3schools.com/bootstrap/tryitfffe.html]
[www.w3schools.com/bootstrap/tryit4d01.html]
[www.w3schools.com/bootstrap/tryit8a1e.html]
[www.w3schools.com/bootstrap/exercise_bs3ab02.html]
[www.w3schools.com/bootstrap/tryit7356.html]
[www.w3schools.com/bootstrap/tryit7325.html]
[www.w3schools.com/bootstrap/tryita18e.html]
[www.w3schools.com/bootstrap/exercise_bs371d6.html]
[www.w3schools.com/bootstrap/tryit9f3f.html]
[www.w3schools.com/bootstrap/tryit40c3.html]
[www.w3schools.com/bootstrap/tryit7db4.html]
[www.w3schools.com/bootstrap/tryitd04d.html]
[www.w3schools.com/bootstrap/tryitfcc3.html]
[www.w3schools.com/bootstrap/tryit1460.html]
[www.w3schools.com/bootstrap/tryit6f92.html]
[www.w3schools.com/bootstrap/tryit29cb.html]
[maxcdn.bootstrapcdn.com/bootstrap/3.4.1/css/bootstrap.min.css]
[www.w3schools.com/bootstrap/tryit4ab1.html]
[www.w3schools.com/bootstrap/tryit325c.html]
[www.w3schools.com/bootstrap/tryit4da6.html]
[www.w3schools.com/bootstrap/tryitc19d.html]
[www.w3schools.com/bootstrap/tryit598b.html]
[www.w3schools.com/bootstrap/tryit0b1a.html]
[www.w3schools.com/bootstrap/tryitcdd0.html]
[www.w3schools.com/bootstrap/tryit748d.html]
[www.w3schools.com/bootstrap/tryit69d2.html]
[www.w3schools.com/bootstrap/tryitb4cf.html]
[www.w3schools.com/bootstrap/trybs_scrollspy.html]
[www.w3schools.com/bootstrap/tryita7e1.html]
[www.w3schools.com/bootstrap/trybs_scrollspy2.html]
[www.w3schools.com/bootstrap/tryit25b3.html]
[www.w3schools.com/bootstrap/trybs_affix_navbar.html]
[www.w3schools.com/bootstrap/trybs_affix_vertical_nav.html]
[www.w3schools.com/bootstrap/tryit36ae.html]
[www.w3schools.com/bootstrap/tryitb2cf.html]
[www.w3schools.com/bootstrap/tryit9256.html]
[www.w3schools.com/bootstrap/tryitf4ad.html]
[www.w3schools.com/bootstrap/tryit19a8.html]
[www.w3schools.com/bootstrap/tryita804.html]
[www.w3schools.com/bootstrap/tryita53b.html]
[www.w3schools.com/bootstrap/tryitdafe.html]
[www.w3schools.com/bootstrap/tryitf4dc.html]
[www.w3schools.com/bootstrap/tryit9cca.html]
[www.w3schools.com/bootstrap/tryita4e9.html]
[www.w3schools.com/bootstrap/tryitfbae.html]
[www.w3schools.com/bootstrap/tryit28f2.html]
[www.w3schools.com/bootstrap/tryit3ba0.html]
[www.w3schools.com/bootstrap/tryit0956.html]
[www.w3schools.com/bootstrap/tryit06c2.html]
[www.w3schools.com/bootstrap/tryit4350.html]
[www.w3schools.com/bootstrap/tryit6d92.html]
[www.w3schools.com/bootstrap/trybs_temp_blog_ifr.html]
[www.w3schools.com/bootstrap/bird.jpg]
[www.w3schools.com/bootstrap/tryit8490.html]
[www.w3schools.com/bootstrap/trybs_temp_portfolio_ifr.html]
[www.w3schools.com/bootstrap/tryit3d70.html]
[www.w3schools.com/bootstrap/trybs_temp_webpage_ifr.html]
[www.w3schools.com/bootstrap/tryitfaf2.html]
[www.w3schools.com/bootstrap/trybs_temp_social_ifr.html]
[www.w3schools.com/bootstrap/tryitf971.html]
[www.w3schools.com/bootstrap/trybs_temp_marketing_ifr.html]
[www.w3schools.com/bootstrap/tryite7f9.html]
[www.w3schools.com/bootstrap/trybs_temp_marketing2_ifr.html]
[www.w3schools.com/bootstrap/tryite4b3.html]
[www.w3schools.com/bootstrap/trybs_temp_analytics_ifr.html]
[www.w3schools.com/bootstrap/tryitd0d2.html]
[www.w3schools.com/bootstrap/trybs_temp_store_ifr.html]
[www.w3schools.com/bootstrap/tryit6102.html]
[cdnjs.cloudflare.com/ajax/libs/font-awesome/4.4.0/css/font-awesome.min.css]
[www.w3schools.com/bootstrap/trybs_theme_me_complete.html]
[www.w3schools.com/bootstrap/tryit31b2.html]
[www.w3schools.com/bootstrap/tryit1058.html]
[www.w3schools.com/bootstrap/tryit5cfd.html]
[www.w3schools.com/bootstrap/tryit73f7.html]
[www.w3schools.com/bootstrap/tryit01f3.html]
[www.w3schools.com/bootstrap/tryit1525.html]
[www.w3schools.com/bootstrap/tryit4107.html]
[www.w3schools.com/bootstrap/tryit9022.html]
[www.w3schools.com/bootstrap/tryit1627.html]
[www.w3schools.com/bootstrap/tryitd5cf.html]
[www.w3schools.com/bootstrap/tryit9eae.html]
[www.w3schools.com/bootstrap/tryit1bf3.html]
[www.w3schools.com/bootstrap/tryit4c82.html]
[www.w3schools.com/bootstrap/tryitce28.html]
[www.w3schools.com/bootstrap/tryita0f4.html]
[www.w3schools.com/bootstrap/tryit9e5d.html]
[www.w3schools.com/bootstrap/tryit5e32.html]
[www.w3schools.com/bootstrap/tryit91c2.html]
[www.w3schools.com/bootstrap/tryitaeb7.html]
[www.w3schools.com/bootstrap/tryit0dfb.html]
[www.w3schools.com/bootstrap/tryit66b4.html]
[www.w3schools.com/bootstrap/tryitf35b.html]
[www.w3schools.com/bootstrap/tryitaffb.html]
[www.w3schools.com/bootstrap/tryitb093.html]
[www.w3schools.com/bootstrap/tryitff43.html]
[www.w3schools.com/bootstrap/tryitd34b.html]
[www.w3schools.com/bootstrap/tryit1f6c.html]
[www.w3schools.com/bootstrap/tryite349.html]
[www.w3schools.com/bootstrap/tryitb338.html]
[www.w3schools.com/bootstrap/tryit454d.html]
[www.w3schools.com/bootstrap/tryitc797.html]
[www.w3schools.com/bootstrap/tryit3658.html]
[www.w3schools.com/bootstrap/tryit6fa8.html]
[www.w3schools.com/bootstrap/tryit10d2.html]
[www.w3schools.com/bootstrap/tryit93b4.html]
[www.w3schools.com/bootstrap/tryitd715.html]
[www.w3schools.com/bootstrap/trybs_theme_band_full.html]
[www.w3schools.com/bootstrap/tryit54c2.html]
[www.w3schools.com/bootstrap/tryitcafd.html]
[www.w3schools.com/bootstrap/tryit1b79.html]
[www.w3schools.com/bootstrap/tryit1c3a.html]
[www.w3schools.com/bootstrap/tryited8c.html]
[www.w3schools.com/bootstrap/tryit8400.html]
[www.w3schools.com/bootstrap/tryit5f6e.html]
[www.w3schools.com/bootstrap/tryit0a75.html]
[www.w3schools.com/bootstrap/tryit4b52.html]
[www.w3schools.com/bootstrap/tryitac73.html]
[www.w3schools.com/bootstrap/tryit7ca3.html]
[www.w3schools.com/bootstrap/tryit1223.html]
[www.w3schools.com/bootstrap/tryit54a2.html]
[www.w3schools.com/bootstrap/tryit5b4a.html]
[www.w3schools.com/bootstrap/tryit30ab.html]
[www.w3schools.com/bootstrap/tryit3c20.html]
[www.w3schools.com/bootstrap/tryit4dd6.html]
[www.w3schools.com/bootstrap/tryitb197.html]
[www.w3schools.com/bootstrap/trybs_theme_band_navbar_iframe.html]
[www.w3schools.com/bootstrap/tryit33de.html]
[www.w3schools.com/bootstrap/tryitacba.html]
[www.w3schools.com/bootstrap/tryite9d6.html]
[www.w3schools.com/bootstrap/tryit539d.html]
[www.w3schools.com/bootstrap/tryit4b98.html]
[www.w3schools.com/bootstrap/tryit618c.html]
[www.w3schools.com/bootstrap/tryit8377.html]
[www.w3schools.com/bootstrap/tryitcc2e.html]
[www.w3schools.com/bootstrap/tryitdce4.html]
[www.w3schools.com/bootstrap/tryit2d82.html]
[www.w3schools.com/bootstrap/tryit9d06.html]
[www.w3schools.com/bootstrap/tryit4082.html]
[www.w3schools.com/bootstrap/tryitb328.html]
[www.w3schools.com/bootstrap/tryit93ee.html]
[www.w3schools.com/bootstrap/tryit6e16.html]
[www.w3schools.com/bootstrap/tryit523a.html]
[www.w3schools.com/bootstrap/tryite42e.html]
[www.w3schools.com/bootstrap/tryit38d7.html]
[www.w3schools.com/bootstrap/tryit8809.html]
[www.w3schools.com/bootstrap/tryit7612.html]
[www.w3schools.com/bootstrap/tryit4a7a.html]
[www.w3schools.com/bootstrap/tryit6b45.html]
[www.w3schools.com/bootstrap/tryit6fbc.html]
[www.w3schools.com/bootstrap/tryit5042.html]
[www.w3schools.com/bootstrap/tryit3e05.html]
[www.w3schools.com/bootstrap/tryitefb4.html]
[www.w3schools.com/bootstrap/tryit09c0.html]
[www.w3schools.com/bootstrap/tryit5eb9.html]
[www.w3schools.com/bootstrap/tryit2916.html]
[www.w3schools.com/bootstrap/tryit763a.html]
[www.w3schools.com/bootstrap/tryit3e34.html]
[www.w3schools.com/bootstrap/tryitf6fe.html]
[www.w3schools.com/bootstrap/tryit5f6c.html]
[www.w3schools.com/bootstrap/tryitb82a.html]
[www.w3schools.com/bootstrap/tryitd383.html]
[www.w3schools.com/bootstrap/tryit588f.html]
[www.w3schools.com/bootstrap/tryit3ec9.html]
[www.w3schools.com/bootstrap/tryite12d.html]
[www.w3schools.com/bootstrap/tryitb3ef.html]
[www.w3schools.com/bootstrap/tryit4325.html]
[www.w3schools.com/bootstrap/tryit9065.html]
[www.w3schools.com/bootstrap/tryit0b05.html]
[www.w3schools.com/bootstrap/tryit6072.html]
[www.w3schools.com/bootstrap/tryit94c2.html]
[www.w3schools.com/bootstrap/tryita4f8.html]
[www.w3schools.com/bootstrap/tryitd382.html]
[www.w3schools.com/bootstrap/tryit7c10.html]
[www.w3schools.com/bootstrap/tryitf166.html]
[www.w3schools.com/bootstrap/tryit0039.html]
[www.w3schools.com/bootstrap/tryitb0a1.html]
[www.w3schools.com/bootstrap/tryita1f2.html]
[www.w3schools.com/bootstrap/tryitdbf9.html]
[www.w3schools.com/bootstrap/tryit1269.html]
[www.w3schools.com/bootstrap/tryit8c3e.html]
[www.w3schools.com/bootstrap/tryit203b.html]
[www.w3schools.com/bootstrap/tryit4232.html]
[www.w3schools.com/bootstrap/tryit2871.html]
[www.w3schools.com/bootstrap/tryit9037.html]
[www.w3schools.com/bootstrap/tryit9a36.html]
[www.w3schools.com/bootstrap/tryited3b.html]
[www.w3schools.com/bootstrap/tryit35de.html]
[www.w3schools.com/bootstrap/tryit2355.html]
[www.w3schools.com/bootstrap/tryite836.html]
[www.w3schools.com/bootstrap/tryit029e.html]
[www.w3schools.com/bootstrap/tryit3742.html]
[www.w3schools.com/bootstrap/tryit8a82.html]
[www.w3schools.com/bootstrap/tryit3a39.html]
[www.w3schools.com/bootstrap/tryit3438.html]
[www.w3schools.com/bootstrap/tryit1f78.html]
[www.w3schools.com/bootstrap/tryit4618.html]
[www.w3schools.com/bootstrap/tryit270b.html]
[www.w3schools.com/bootstrap/tryit4349.html]
[www.w3schools.com/bootstrap/tryit93b8.html]
[www.w3schools.com/bootstrap/tryit0d87.html]
[www.w3schools.com/bootstrap/tryit44db.html]
[www.w3schools.com/bootstrap/tryitcfd0.html]
[www.w3schools.com/bootstrap/tryit708b.html]
[www.w3schools.com/bootstrap/tryit2bfa.html]
[www.w3schools.com/bootstrap/tryite506.html]
[www.w3schools.com/bootstrap/tryitb200.html]
[www.w3schools.com/bootstrap/tryite2cc.html]
[www.w3schools.com/bootstrap/tryit257d.html]
[www.w3schools.com/bootstrap/tryit3ec1.html]
[www.w3schools.com/bootstrap/tryitdc32.html]
[www.w3schools.com/bootstrap/tryit738c.html]
[www.w3schools.com/bootstrap/tryit9590.html]
[www.w3schools.com/bootstrap/tryit35e7.html]
[www.w3schools.com/bootstrap/tryit9f9b.html]
[www.w3schools.com/bootstrap/tryitd4fa.html]
[www.w3schools.com/bootstrap/tryit3f95.html]
[www.w3schools.com/bootstrap/tryitf4e7.html]
[www.w3schools.com/bootstrap/tryit2842.html]
[www.w3schools.com/bootstrap/tryit464e.html]
[www.w3schools.com/bootstrap/tryitdf8e.html]
[www.w3schools.com/bootstrap/tryit1217.html]
[www.w3schools.com/bootstrap/tryitf499.html]
[www.w3schools.com/bootstrap/tryit46ba.html]
[www.w3schools.com/bootstrap/tryit9624.html]
[www.w3schools.com/bootstrap/tryit5c7b.html]
[www.w3schools.com/bootstrap/tryit0911.html]
[www.w3schools.com/bootstrap/tryit2d01.html]
[www.w3schools.com/bootstrap/tryit8657.html]
[www.w3schools.com/bootstrap/tryited43.html]
[www.w3schools.com/bootstrap/tryit6f10.html]
[www.w3schools.com/bootstrap/tryitec25.html]
[www.w3schools.com/bootstrap/tryitbd67.html]
[www.w3schools.com/bootstrap/tryit2066.html]
[www.w3schools.com/bootstrap/tryitcd13.html]
[www.w3schools.com/bootstrap/tryitb78e.html]
[www.w3schools.com/bootstrap/tryit4d04.html]
[www.w3schools.com/bootstrap/tryit6103.html]
[www.w3schools.com/bootstrap/tryitaf67.html]
[www.w3schools.com/bootstrap/tryit7c92.html]
[www.w3schools.com/bootstrap/tryit8592.html]
[www.w3schools.com/bootstrap/tryit2096.html]
[www.w3schools.com/bootstrap/tryitdeda.html]
[www.w3schools.com/bootstrap/tryitf648.html]
[www.w3schools.com/bootstrap/tryit08e6.html]
[www.w3schools.com/bootstrap/tryit631e.html]
[www.w3schools.com/bootstrap/tryitc713.html]
[www.w3schools.com/bootstrap/tryitee98.html]
[www.w3schools.com/bootstrap/tryite3aa.html]
[www.w3schools.com/bootstrap/tryitbc29.html]
[www.w3schools.com/bootstrap/tryita169.html]
[www.w3schools.com/bootstrap/tryit6571.html]
[www.w3schools.com/bootstrap/tryite57a.html]
[www.w3schools.com/bootstrap/tryita8df.html]
[www.w3schools.com/bootstrap/tryit41c3.html]
[www.w3schools.com/bootstrap/tryit0b50.html]
[www.w3schools.com/bootstrap/tryit6749.html]
[www.w3schools.com/bootstrap/tryitd04e.html]
[www.w3schools.com/bootstrap/tryit3a40.html]
[www.w3schools.com/bootstrap/tryit7502.html]
[www.w3schools.com/bootstrap/tryitaed8.html]
[www.w3schools.com/bootstrap/tryit2479.html]
[www.w3schools.com/bootstrap/tryit56cf.html]
[www.w3schools.com/bootstrap/tryitd9c1.html]
[www.w3schools.com/bootstrap/tryite61f.html]
[www.w3schools.com/bootstrap/tryitd637.html]
[www.w3schools.com/bootstrap/tryit8863.html]
[www.w3schools.com/bootstrap/tryit66b3.html]
[www.w3schools.com/bootstrap/tryitd849.html]
[www.w3schools.com/bootstrap/tryitd37e.html]
[www.w3schools.com/bootstrap/tryiteb76.html]
[www.w3schools.com/bootstrap/tryitff48.html]
[www.w3schools.com/bootstrap/tryitd954.html]
[www.w3schools.com/bootstrap/tryitb18e.html]
[www.w3schools.com/bootstrap/tryitc6b8.html]
[www.w3schools.com/bootstrap/tryit107f.html]
[www.w3schools.com/bootstrap/tryitd1a3.html]
[www.w3schools.com/bootstrap/tryit273b.html]
[www.w3schools.com/bootstrap/tryitc715.html]
[www.w3schools.com/bootstrap/tryit7374.html]
[www.w3schools.com/bootstrap/tryitc7d5.html]
[www.w3schools.com/bootstrap/tryita6d7.html]
[www.w3schools.com/bootstrap/tryit44de.html]
[www.w3schools.com/bootstrap/tryite768.html]
[www.w3schools.com/bootstrap/tryitfc2c.html]
[www.w3schools.com/bootstrap/tryit3799.html]
[www.w3schools.com/bootstrap/tryit6dea.html]
[www.w3schools.com/bootstrap/tryitf658.html]
[www.w3schools.com/bootstrap/tryit7fc0.html]
[www.w3schools.com/bootstrap/tryitd379.html]
[www.w3schools.com/bootstrap/tryitb4a8.html]
[www.w3schools.com/bootstrap/tryit1543.html]
[www.w3schools.com/bootstrap/tryit639b.html]
[www.w3schools.com/bootstrap/tryit31f1.html]
[www.w3schools.com/bootstrap/tryit28ee.html]
[www.w3schools.com/bootstrap/tryitfcdb.html]
[www.w3schools.com/bootstrap/tryitfdf9.html]
[www.w3schools.com/bootstrap/tryitdfc2.html]
[www.w3schools.com/bootstrap/tryit1102.html]
[www.w3schools.com/bootstrap/tryitd517.html]
[www.w3schools.com/bootstrap/tryitb624.html]
[www.w3schools.com/bootstrap/tryit8213.html]
[www.w3schools.com/bootstrap/tryit5abb.html]
[www.w3schools.com/bootstrap/tryit5c4b.html]
[www.w3schools.com/bootstrap/tryit7683.html]
[www.w3schools.com/bootstrap/tryit9c82.html]
[www.w3schools.com/bootstrap/tryit6b7d.html]
[www.w3schools.com/bootstrap/tryitfff3.html]
[www.w3schools.com/bootstrap/tryitb4b7.html]
[www.w3schools.com/bootstrap/tryit7199.html]
[www.w3schools.com/bootstrap/tryitd43d.html]
[www.w3schools.com/bootstrap/tryit585e.html]
[www.w3schools.com/bootstrap/tryitfd82.html]
[www.w3schools.com/bootstrap/tryit7329.html]
[www.w3schools.com/bootstrap/tryitb6e9.html]
[www.w3schools.com/bootstrap/tryitafc1.html]
[www.w3schools.com/bootstrap/tryitd517-2.html]
[www.w3schools.com/bootstrap/tryitc1cd.html]
[www.w3schools.com/bootstrap/tryit3e81.html]
[www.w3schools.com/bootstrap/tryit9b96.html]
[www.w3schools.com/bootstrap/tryitcf80.html]
[www.w3schools.com/bootstrap/tryit95d5.html]
[www.w3schools.com/bootstrap/tryit749b.html]
[www.w3schools.com/bootstrap/tryit05d3.html]
[www.w3schools.com/bootstrap/tryitca2b.html]
[www.w3schools.com/bootstrap/tryita01f.html]
[www.w3schools.com/bootstrap/tryita3a2.html]
[www.w3schools.com/bootstrap/tryit666c.html]
[www.w3schools.com/bootstrap/tryitc601.html]
[www.w3schools.com/bootstrap/tryit099f.html]
[www.w3schools.com/bootstrap/tryitd588.html]
[www.w3schools.com/bootstrap/tryit8164.html]
[www.w3schools.com/bootstrap/tryit3916.html]
[www.w3schools.com/bootstrap/tryitae0b.html]
[www.w3schools.com/bootstrap/tryit8ff0.html]
[www.w3schools.com/bootstrap/tryitac43.html]
[www.w3schools.com/bootstrap/tryit1751.html]
[www.w3schools.com/bootstrap/tryitb105.html]
[www.w3schools.com/bootstrap/tryit2c1b.html]
[www.w3schools.com/bootstrap/tryitbcc0.html]
[www.w3schools.com/bootstrap/tryit15dd.html]
[www.w3schools.com/bootstrap/tryit74bd.html]
[www.w3schools.com/bootstrap/tryita34d.html]
[www.w3schools.com/bootstrap/tryit040b.html]
[www.w3schools.com/bootstrap/tryitccc4.html]
[www.w3schools.com/bootstrap/tryit90f9.html]
[www.w3schools.com/bootstrap/tryitf1ba.html]
[www.w3schools.com/bootstrap/tryita103.html]
[www.w3schools.com/bootstrap/tryit602a.html]
[www.w3schools.com/bootstrap/tryit5d62.html]
[www.w3schools.com/bootstrap/tryitc58e.html]
[www.w3schools.com/bootstrap/tryite639.html]
[www.w3schools.com/bootstrap/tryitc90a.html]
[www.w3schools.com/bootstrap/tryit6c0f.html]
[www.w3schools.com/bootstrap/tryit6717.html]
[www.w3schools.com/bootstrap/tryit11d9.html]
[www.w3schools.com/bootstrap/tryit41c6.html]
[www.w3schools.com/bootstrap/tryita649.html]
[www.w3schools.com/bootstrap/tryitbd59.html]
[www.w3schools.com/bootstrap/tryit9589.html]
[www.w3schools.com/bootstrap/tryitea9f.html]
[www.w3schools.com/bootstrap/tryitee87.html]
[www.w3schools.com/bootstrap/tryit7d0c.html]
[www.w3schools.com/bootstrap/tryit885e.html]
[www.w3schools.com/bootstrap/tryite774.html]
[www.w3schools.com/bootstrap/tryitdda3.html]
[www.w3schools.com/bootstrap/tryit7991.html]
[www.w3schools.com/bootstrap/tryit78e5.html]
[www.w3schools.com/bootstrap/tryit2f28.html]
[www.w3schools.com/bootstrap/tryit6900.html]
[www.w3schools.com/bootstrap/tryite516.html]
[www.w3schools.com/bootstrap/tryitac93.html]
[www.w3schools.com/bootstrap/tryitb89e.html]
[www.w3schools.com/bootstrap/tryitfd3d.html]
[www.w3schools.com/bootstrap/tryit0a23.html]
[www.w3schools.com/bootstrap/tryitc5c9.html]
[www.w3schools.com/bootstrap/tryit9665.html]
[www.w3schools.com/bootstrap/tryit1eff.html]
[www.w3schools.com/bootstrap/tryit6974.html]
[www.w3schools.com/bootstrap/tryit3205.html]
[www.w3schools.com/bootstrap/tryit99a9.html]
[www.w3schools.com/bootstrap/tryit397f.html]
[www.w3schools.com/bootstrap/tryitc16c.html]
[www.w3schools.com/bootstrap/tryit9fb5.html]
[www.w3schools.com/bootstrap/tryit6e14.html]
[www.w3schools.com/bootstrap/tryite305.html]
[www.w3schools.com/bootstrap/tryitc348.html]
[www.w3schools.com/bootstrap/tryit12bb.html]
[www.w3schools.com/bootstrap/tryite301.html]
[www.w3schools.com/bootstrap/tryit2b0a.html]
[www.w3schools.com/bootstrap/tryitc5f5.html]
[www.w3schools.com/bootstrap/tryit72f7.html]
[www.w3schools.com/bootstrap/tryitbe64.html]
[www.w3schools.com/bootstrap/tryit6c09.html]
[www.w3schools.com/bootstrap/tryit1b99.html]
[www.w3schools.com/bootstrap/tryit52a5.html]
[www.w3schools.com/bootstrap/tryit3e2c.html]
[www.w3schools.com/bootstrap/tryit3502.html]
[www.w3schools.com/bootstrap/tryitd84a.html]
[www.w3schools.com/bootstrap/tryitbd8d.html]
[www.w3schools.com/bootstrap/tryit6e7c.html]
[www.w3schools.com/bootstrap/tryite412.html]
[www.w3schools.com/bootstrap/tryit548c.html]
[www.w3schools.com/bootstrap/tryit737b.html]
[www.w3schools.com/bootstrap/tryitee29.html]
[www.w3schools.com/bootstrap/tryitaaf4.html]
[www.w3schools.com/bootstrap/tryitb977.html]
[www.w3schools.com/bootstrap/tryite1ca.html]
[www.w3schools.com/bootstrap/tryit04e6.html]
[www.w3schools.com/bootstrap/tryit4f93.html]
[www.w3schools.com/bootstrap/tryit7978.html]
[www.w3schools.com/bootstrap/tryit588e.html]
[www.w3schools.com/bootstrap/tryit3c14.html]
[www.w3schools.com/bootstrap/tryit2969.html]
[www.w3schools.com/bootstrap/tryitda80.html]
[www.w3schools.com/bootstrap/tryitda9a.html]
[www.w3schools.com/bootstrap/tryitf083.html]
[www.w3schools.com/bootstrap/tryit74e5.html]
[www.w3schools.com/bootstrap/tryita185.html]
[www.w3schools.com/bootstrap/tryitb714.html]
[www.w3schools.com/bootstrap/tryitaf2e.html]
[www.w3schools.com/bootstrap/tryit77cc.html]
[www.w3schools.com/bootstrap/tryit73d3.html]
[www.w3schools.com/bootstrap/tryit950d.html]
[www.w3schools.com/bootstrap/tryita22a.html]
[www.w3schools.com/bootstrap/tryit8036.html]
[maxcdn.bootstrapcdn.com/bootstrap/3.3.5/css/bootstrap.min.css]
[www.w3schools.com/bootstrap/tryit59d9.html]
[www.w3schools.com/bootstrap/tryit4e8e.html]
[www.w3schools.com/bootstrap/tryit42e4.html]
[www.w3schools.com/bootstrap/tryitb523.html]
[www.w3schools.com/bootstrap/tryitaa14.html]
[www.w3schools.com/bootstrap/tryit67f7.html]
[www.w3schools.com/bootstrap/tryit5bd1.html]
[www.w3schools.com/bootstrap/tryitf942.html]
[www.w3schools.com/bootstrap/tryit6ece.html]
[www.w3schools.com/bootstrap/tryit7c5d.html]
[www.w3schools.com/bootstrap/tryit0b63.html]
[www.w3schools.com/bootstrap/tryitfa67.html]
[www.w3schools.com/bootstrap/tryit1dd9.html]
[www.w3schools.com/bootstrap/tryit40a5.html]
[www.w3schools.com/bootstrap/tryit97f7.html]
[www.w3schools.com/bootstrap/tryit6d09.html]
[www.w3schools.com/bootstrap/tryit2f39.html]
[www.w3schools.com/bootstrap/tryit7f41.html]
[www.w3schools.com/bootstrap/tryitb063.html]
[www.w3schools.com/bootstrap/tryit3f33.html]
[www.w3schools.com/bootstrap/tryitdcf9.html]
[www.w3schools.com/bootstrap/tryitf552.html]
[www.w3schools.com/bootstrap/tryit2aa5.html]
[www.w3schools.com/bootstrap/tryit4154.html]
[www.w3schools.com/bootstrap/tryita555.html]
[www.w3schools.com/bootstrap/tryit3ca8.html]
[www.w3schools.com/bootstrap/tryit654d.html]
[www.w3schools.com/bootstrap/tryitb5a7.html]
[www.w3schools.com/bootstrap/tryit5aa8.html]
[www.w3schools.com/bootstrap/tryit7bb5.html]
[www.w3schools.com/bootstrap/tryit2230.html]
[www.w3schools.com/bootstrap/tryit3f7d.html]
[www.w3schools.com/bootstrap/tryitb8f9.html]
[www.w3schools.com/bootstrap/tryit59aa.html]
[www.w3schools.com/bootstrap/tryitabc2.html]
[www.w3schools.com/bootstrap/tryit6a2a.html]
[www.w3schools.com/bootstrap/tryit4808.html]
[www.w3schools.com/bootstrap/tryit67fc.html]
[www.w3schools.com/bootstrap/tryitfe61.html]
[www.w3schools.com/bootstrap/tryit1116.html]
[www.w3schools.com/bootstrap/tryit9387.html]
[www.w3schools.com/bootstrap/tryitabba.html]
[www.w3schools.com/bootstrap/tryit2f6d.html]
[www.w3schools.com/bootstrap/tryit90e7.html]
[www.w3schools.com/bootstrap/tryit74d9.html]
[www.w3schools.com/bootstrap/tryit1742.html]
[www.w3schools.com/bootstrap/tryit63a4.html]
[www.w3schools.com/bootstrap/tryitc30a.html]
[www.w3schools.com/bootstrap/tryit24b4.html]
[www.w3schools.com/bootstrap/tryit184e.html]
[www.w3schools.com/bootstrap/tryit9c54.html]
[www.w3schools.com/bootstrap/tryitdf07.html]
[www.w3schools.com/bootstrap/tryit3b52.html]
[www.w3schools.com/bootstrap/tryit2beb.html]
[www.w3schools.com/bootstrap/tryit83ec.html]
[www.w3schools.com/bootstrap/tryitf847.html]
[www.w3schools.com/bootstrap/tryit7dfb.html]
[www.w3schools.com/bootstrap/tryit743e.html]
[www.w3schools.com/bootstrap/tryit608e.html]
[www.w3schools.com/bootstrap/tryitffe8.html]
[www.w3schools.com/bootstrap/tryit1dbb.html]
[www.w3schools.com/bootstrap/tryitd97d.html]
[www.w3schools.com/bootstrap/tryit4786.html]
[www.w3schools.com/bootstrap/tryit9a25.html]
[www.w3schools.com/bootstrap/tryit3b37-2.html]
[www.w3schools.com/bootstrap/tryit741c.html]
[www.w3schools.com/bootstrap/tryit201e.html]
[www.w3schools.com/bootstrap/tryit8678.html]
[www.w3schools.com/bootstrap/tryitd671.html]
[www.w3schools.com/bootstrap/tryit88f6.html]
[www.w3schools.com/bootstrap/tryit322a.html]
[www.w3schools.com/bootstrap/tryit7673.html]
[www.w3schools.com/bootstrap/tryitdb23.html]
[www.w3schools.com/bootstrap/tryitd0d9.html]
[www.w3schools.com/bootstrap/tryit19ff.html]
[www.w3schools.com/bootstrap/tryitb0ee.html]
[www.w3schools.com/bootstrap/tryit7597.html]
[www.w3schools.com/bootstrap/tryit281c.html]
[www.w3schools.com/bootstrap/tryite604.html]
[www.w3schools.com/bootstrap/tryit3d30.html]
[www.w3schools.com/bootstrap/tryit8852.html]
[www.w3schools.com/bootstrap/tryita48d.html]
[www.w3schools.com/bootstrap/tryit3690.html]
[www.w3schools.com/bootstrap/tryit833b.html]
[www.w3schools.com/bootstrap/tryitaeff.html]
[www.w3schools.com/bootstrap/tryit595c.html]
[www.w3schools.com/bootstrap/tryitb03f.html]
[www.w3schools.com/bootstrap/tryit0962.html]
[www.w3schools.com/bootstrap/tryitcdaf.html]
[www.w3schools.com/bootstrap/tryit900b.html]
[www.w3schools.com/bootstrap/tryit8830.html]
[www.w3schools.com/bootstrap/tryit941b.html]
[www.w3schools.com/bootstrap/tryit5136.html]
[www.w3schools.com/bootstrap/tryit0d14.html]
[www.w3schools.com/bootstrap/tryit340d.html]
[www.w3schools.com/bootstrap/tryitfb9e.html]
[www.w3schools.com/bootstrap/tryit8524.html]
[www.w3schools.com/bootstrap/tryite42e-2.html]
[www.w3schools.com/bootstrap/tryit9a54.html]
[www.w3schools.com/bootstrap/tryit2350.html]
[www.w3schools.com/bootstrap/tryit1fa5.html]
[www.w3schools.com/bootstrap/tryit8205.html]
[www.w3schools.com/bootstrap/tryitdebd.html]
[www.w3schools.com/bootstrap/tryitf947.html]
[www.w3schools.com/bootstrap/tryit32d2.html]
[www.w3schools.com/bootstrap/tryit9c98.html]
[www.w3schools.com/bootstrap/tryit0be9.html]
[www.w3schools.com/bootstrap/tryit7727.html]
[www.w3schools.com/bootstrap/tryit0dc1.html]
[www.w3schools.com/bootstrap/tryit7623.html]
[www.w3schools.com/bootstrap/tryit2d30.html]
[www.w3schools.com/bootstrap/tryit3547.html]
[www.w3schools.com/bootstrap/tryitc60a.html]
[www.w3schools.com/bootstrap/tryit82c5.html]
[www.w3schools.com/bootstrap/tryitac10.html]
[www.w3schools.com/bootstrap/tryita6d7-2.html]
[www.w3schools.com/bootstrap/tryit093d.html]
[www.w3schools.com/bootstrap/tryit5d78.html]
[www.w3schools.com/bootstrap/tryit23d0.html]
[www.w3schools.com/bootstrap/tryit00e0.html]
[www.w3schools.com/bootstrap/tryit6475.html]
[www.w3schools.com/bootstrap/tryitee71.html]
[www.w3schools.com/bootstrap/tryit4e49.html]
[www.w3schools.com/bootstrap/tryit6e06.html]
[www.w3schools.com/bootstrap/tryit25d7.html]
[www.w3schools.com/bootstrap/tryit0473.html]
[www.w3schools.com/bootstrap/tryit5213.html]
[www.w3schools.com/bootstrap/tryitcd0b.html]
[www.w3schools.com/bootstrap/tryit5643.html]
[www.w3schools.com/bootstrap/tryit1bd8.html]
[www.w3schools.com/bootstrap/tryit8d55.html]
[www.w3schools.com/bootstrap/tryitc5ff.html]
[www.w3schools.com/bootstrap/tryit8cf6.html]
[www.w3schools.com/bootstrap/tryit1f1f.html]
[www.w3schools.com/bootstrap/tryit450b.html]
[www.w3schools.com/bootstrap/tryit05c4.html]
[www.w3schools.com/bootstrap/tryita94e.html]
[www.w3schools.com/bootstrap/tryit8b72.html]
[www.w3schools.com/bootstrap/tryitca51.html]
[www.w3schools.com/bootstrap/tryit8e18.html]
[www.w3schools.com/bootstrap/tryitc1f9.html]
[www.w3schools.com/bootstrap/tryit7a82.html]
[www.w3schools.com/bootstrap/tryit4706.html]
[www.w3schools.com/bootstrap/tryit20f8.html]
[www.w3schools.com/bootstrap/tryit610b.html]
[www.w3schools.com/bootstrap/tryit3261.html]
[www.w3schools.com/bootstrap/tryit1bbb.html]
[www.w3schools.com/bootstrap/tryitee61.html]
[www.w3schools.com/bootstrap/tryit578a.html]
[www.w3schools.com/bootstrap/tryit72ff.html]
[www.w3schools.com/bootstrap/tryitac4e.html]
[www.w3schools.com/bootstrap/tryit67bd.html]
[www.w3schools.com/bootstrap/tryitf434.html]
[www.w3schools.com/bootstrap/tryit2f3b.html]
[www.w3schools.com/bootstrap/tryit325f.html]
[www.w3schools.com/bootstrap/tryitdc16.html]
[www.w3schools.com/bootstrap/tryit3177.html]
[www.w3schools.com/bootstrap/tryita81e.html]
[www.w3schools.com/bootstrap/tryitece1.html]
[www.w3schools.com/bootstrap/tryit4ba3.html]
[www.w3schools.com/lib/codemirror.css]
[www.w3schools.com/lib/spaceit.css]
[www.w3schools.com/bootstrap/POST.html]
[www.w3schools.com/bootstrap/api.exercise.html]
[connect.facebook.net/nb_NO/sdk.js]
[www.w3schools.com/bootstrap/exercise_bs34ec8.html]
[www.w3schools.com/bootstrap/exercise_bs33bc4.html]
[www.w3schools.com/bootstrap/exercise_bs33fa8.html]
[www.w3schools.com/bootstrap/exercise_bs3dbbc.html]
[www.w3schools.com/bootstrap/exercise_bs391a3.html]
[www.w3schools.com/bootstrap/exercise_bs335c1.html]
[www.w3schools.com/bootstrap/exercise_bs3fa3f.html]
[www.w3schools.com/bootstrap/exercise_bs365ea.html]
[www.w3schools.com/bootstrap/exercise_bs31eed.html]
[www.w3schools.com/bootstrap/exercise_bs374e1.html]
[www.w3schools.com/bootstrap/exercise_bs39dd6.html]
[www.w3schools.com/bootstrap/exercise_bs3ddc3.html]
[www.w3schools.com/bootstrap/exercise_bs3ddaf.html]
[www.w3schools.com/bootstrap/exercise_bs337ee.html]
[www.w3schools.com/bootstrap/exercise_bs30434.html]
[www.w3schools.com/bootstrap/exercise_bs3b5d1.html]
[www.w3schools.com/bootstrap/exercise_bs343ee.html]
[www.w3schools.com/bootstrap/exercise_bs3728c.html]
[www.w3schools.com/bootstrap/exercise_bs37eb5.html]
[www.w3schools.com/bootstrap/exercise_bs3e416.html]
[www.w3schools.com/bootstrap/exercise_bs3b8ad.html]
[www.w3schools.com/bootstrap/exercise_bs3dac9.html]
[www.w3schools.com/bootstrap/exercise_bs35db2.html]
[www.w3schools.com/bootstrap/exercise_bs3a4b0.html]
[www.w3schools.com/bootstrap/exercise_bs3965e.html]
[www.w3schools.com/bootstrap/exercise_bs34f90.html]
[www.w3schools.com/bootstrap/exercise_bs30252.html]
[www.w3schools.com/bootstrap/exercise_bs3d6d0.html]
[www.w3schools.com/bootstrap/exercise_bs3eb79.html]
[www.w3schools.com/bootstrap/exercise_bs334ba.html]
[www.w3schools.com/bootstrap/exercise_bs39322.html]
[www.w3schools.com/bootstrap/exercise_bs3a049.html]
[www.w3schools.com/bootstrap/exercise_bs3ac96.html]
[www.w3schools.com/bootstrap/exercise_bs33d8f.html]
[www.w3schools.com/bootstrap/exercise_bs317a9.html]
[www.w3schools.com/bootstrap/exercise_bs33973.html]
[www.w3schools.com/bootstrap/exercise_bs37043.html]
[www.w3schools.com/bootstrap/exercise_bs32e3c.html]
[www.w3schools.com/bootstrap/exercise_bs3460e.html]
[www.w3schools.com/bootstrap/exercise_bs3f972.html]
[www.w3schools.com/bootstrap/exercise_bs34761.html]
[www.w3schools.com/bootstrap/exercise_bs3e788.html]
[maxcdn.bootstrapcdn.com/bootstrap/3.3.5/css/bootstrap.min.css]
